+ export GASNET_BACKTRACE=1
+ GASNET_BACKTRACE=1
+ export 'GASNET_PHYSMEM_MAX=167 GB'
+ GASNET_PHYSMEM_MAX='167 GB'
+ numLocales=16
+ remoteBufferSize=10000
+ cacheNumberBits=26
+ numConsumerTasks=24
+ for chainLength in 36 40 42 44 46
+ srun --mpi=pmix -N 16 -n 16 singularity exec ../benchmark-block-hashed.sif BenchmarkBlockHashed --numLocales 16 --kHamiltonian data/heisenberg_chain_36_symm.yaml --kDisplayTimings=true
WARNING: passwd file doesn't exist in container, not updating
WARNING: group file doesn't exist in container, not updating
WARNING: passwd file doesn't exist in container, not updating
WARNING: group file doesn't exist in container, not updating
WARNING: passwd file doesn't exist in container, not updating
WARNING: group file doesn't exist in container, not updating
WARNING: passwd file doesn't exist in container, not updating
WARNING: passwd file doesn't exist in container, not updating
WARNING: passwd file doesn't exist in container, not updating
WARNING: group file doesn't exist in container, not updating
WARNING: passwd file doesn't exist in container, not updating
WARNING: group file doesn't exist in container, not updating
WARNING: passwd file doesn't exist in container, not updating
WARNING: group file doesn't exist in container, not updating
WARNING: passwd file doesn't exist in container, not updating
WARNING: group file doesn't exist in container, not updating
WARNING: passwd file doesn't exist in container, not updating
WARNING: group file doesn't exist in container, not updating
WARNING: passwd file doesn't exist in container, not updating
WARNING: group file doesn't exist in container, not updating
WARNING: passwd file doesn't exist in container, not updating
WARNING: group file doesn't exist in container, not updating
WARNING: passwd file doesn't exist in container, not updating
WARNING: group file doesn't exist in container, not updating
WARNING: passwd file doesn't exist in container, not updating
WARNING: group file doesn't exist in container, not updating
WARNING: passwd file doesn't exist in container, not updating
WARNING: group file doesn't exist in container, not updating
WARNING: group file doesn't exist in container, not updating
WARNING: group file doesn't exist in container, not updating
WARNING: passwd file doesn't exist in container, not updating
WARNING: group file doesn't exist in container, not updating
[tcn460.local.snellius.surf.nl:1654399] PMIX ERROR: ERROR in file gds_ds12_lock_pthread.c at line 168
[tcn465.local.snellius.surf.nl:1737739] PMIX ERROR: ERROR in file gds_ds12_lock_pthread.c at line 168
[tcn459.local.snellius.surf.nl:106472] PMIX ERROR: ERROR in file gds_ds12_lock_pthread.c at line 168
[tcn458.local.snellius.surf.nl:4016767] PMIX ERROR: ERROR in file gds_ds12_lock_pthread.c at line 168
[tcn456.local.snellius.surf.nl:861785] PMIX ERROR: ERROR in file gds_ds12_lock_pthread.c at line 168
[tcn463.local.snellius.surf.nl:3335797] PMIX ERROR: ERROR in file gds_ds12_lock_pthread.c at line 168
[tcn461.local.snellius.surf.nl:1502338] PMIX ERROR: ERROR in file gds_ds12_lock_pthread.c at line 168
[tcn452.local.snellius.surf.nl:3357254] PMIX ERROR: ERROR in file gds_ds12_lock_pthread.c at line 168
[tcn457.local.snellius.surf.nl:2801154] PMIX ERROR: ERROR in file gds_ds12_lock_pthread.c at line 168
[tcn468.local.snellius.surf.nl:631828] PMIX ERROR: ERROR in file gds_ds12_lock_pthread.c at line 168
[tcn467.local.snellius.surf.nl:168203] PMIX ERROR: ERROR in file gds_ds12_lock_pthread.c at line 168
[tcn464.local.snellius.surf.nl:3728112] PMIX ERROR: ERROR in file gds_ds12_lock_pthread.c at line 168
[tcn462.local.snellius.surf.nl:3881570] PMIX ERROR: ERROR in file gds_ds12_lock_pthread.c at line 168
[tcn181.local.snellius.surf.nl:128452] PMIX ERROR: ERROR in file gds_ds12_lock_pthread.c at line 168
[tcn184.local.snellius.surf.nl:2188941] PMIX ERROR: ERROR in file gds_ds12_lock_pthread.c at line 168
[tcn183.local.snellius.surf.nl:2539451] PMIX ERROR: ERROR in file gds_ds12_lock_pthread.c at line 168
[Debug]   [LOCALE0]   determineEnumerationRanges(262143..34359607296) took 1.79103
[Debug]   [LOCALE0]   _enumStatesComputeCounts: 0.32259
  ├─ 40.8536 in _enumerateStates
  ├─ 0.088858 in _enumStatesComputeMasksAndCounts
  └─ 0.000355 in PUT
     (parallel speedup: 126.919)
[Debug]   [LOCALE12]   _enumStatesComputeCounts: 0.355219
  ├─ 40.8953 in _enumerateStates
  ├─ 0.090402 in _enumStatesComputeMasksAndCounts
  └─ 0.002017 in PUT
     (parallel speedup: 115.387)
[Debug]   [LOCALE2]   _enumStatesComputeCounts: 0.355534
  ├─ 41.0395 in _enumerateStates
  ├─ 0.089105 in _enumStatesComputeMasksAndCounts
  └─ 0.002424 in PUT
     (parallel speedup: 115.688)
[Debug]   [LOCALE7]   _enumStatesComputeCounts: 0.355411
  ├─ 41.0722 in _enumerateStates
  ├─ 0.087824 in _enumStatesComputeMasksAndCounts
  └─ 0.002087 in PUT
     (parallel speedup: 115.815)
[Debug]   [LOCALE14]   _enumStatesComputeCounts: 0.356727
  ├─ 41.0642 in _enumerateStates
  ├─ 0.091471 in _enumStatesComputeMasksAndCounts
  └─ 0.002027 in PUT
     (parallel speedup: 115.376)
[Debug]   [LOCALE13]   _enumStatesComputeCounts: 0.357266
  ├─ 41.1778 in _enumerateStates
  ├─ 0.091559 in _enumStatesComputeMasksAndCounts
  └─ 0.002339 in PUT
     (parallel speedup: 115.521)
[Debug]   [LOCALE8]   _enumStatesComputeCounts: 0.357489
  ├─ 41.1986 in _enumerateStates
  ├─ 0.109388 in _enumStatesComputeMasksAndCounts
  └─ 0.002288 in PUT
     (parallel speedup: 115.557)
[Debug]   [LOCALE15]   _enumStatesComputeCounts: 0.357143
  ├─ 41.4031 in _enumerateStates
  ├─ 0.090361 in _enumStatesComputeMasksAndCounts
  └─ 0.001975 in PUT
     (parallel speedup: 116.187)
[Debug]   [LOCALE4]   _enumStatesComputeCounts: 0.356483
  ├─ 41.0459 in _enumerateStates
  ├─ 0.088103 in _enumStatesComputeMasksAndCounts
  └─ 0.001966 in PUT
     (parallel speedup: 115.394)
[Debug]   [LOCALE1]   _enumStatesComputeCounts: 0.358527
  ├─ 41.3266 in _enumerateStates
  ├─ 0.089407 in _enumStatesComputeMasksAndCounts
  └─ 0.002505 in PUT
     (parallel speedup: 115.524)
[Debug]   [LOCALE11]   _enumStatesComputeCounts: 0.358601
  ├─ 41.1493 in _enumerateStates
  ├─ 0.090303 in _enumStatesComputeMasksAndCounts
  └─ 0.002317 in PUT
     (parallel speedup: 115.008)
[Debug]   [LOCALE3]   _enumStatesComputeCounts: 0.359369
  ├─ 41.3962 in _enumerateStates
  ├─ 0.144853 in _enumStatesComputeMasksAndCounts
  └─ 0.002252 in PUT
     (parallel speedup: 115.601)
[Debug]   [LOCALE5]   _enumStatesComputeCounts: 0.363627
  ├─ 41.9697 in _enumerateStates
  ├─ 0.086117 in _enumStatesComputeMasksAndCounts
  └─ 0.002735 in PUT
     (parallel speedup: 115.664)
[Debug]   [LOCALE9]   _enumStatesComputeCounts: 0.363447
  ├─ 41.9215 in _enumerateStates
  ├─ 0.104079 in _enumStatesComputeMasksAndCounts
  └─ 0.002531 in PUT
     (parallel speedup: 115.638)
[Debug]   [LOCALE6]   _enumStatesComputeCounts: 0.394538
  ├─ 44.2212 in _enumerateStates
  ├─ 0.088231 in _enumStatesComputeMasksAndCounts
  └─ 0.002364 in PUT
     (parallel speedup: 112.313)
[Debug]   [LOCALE10]   _enumStatesComputeCounts: 0.408041
  ├─ 47.6689 in _enumerateStates
  ├─ 0.089894 in _enumStatesComputeMasksAndCounts
  └─ 0.002546 in PUT
     (parallel speedup: 117.05)
[Debug]   [LOCALE0]   enumerateStates: 0.628362
  ├─ 0.410699 in _enumStatesComputeCounts
  ├─ 0.007517 in _enumStatesMakeBuckets
  ├─ 0.024164 in allocation
  ├─ 0.029471 in _enumStatesMakeMasks
  ├─ 0.05892 in _enumStatesPrepareDescriptors
  └─ 0.072916 shuffling stuff around
      ├─ 0.215198 0.149641 0.15218 0.143115 0.14658 0.136126 0.114177 0.141627 0.145989 0.150135 0.150775 0.143035 0.143661 0.136024 0.142084 0.140931 copying states
      └─ 0.06549 0.010883 0.010953 0.023713 0.010524 0.053918 0.06294 0.025239 0.027742 0.010478 0.052178 0.032392 0.030926 0.0348 0.027454 0.028618 copying masks
[Debug]   [LOCALE0]   arrFromHashedToBlock: 0.042001
  ├─ counts: 0.008186
  └─ distribute: 0.013728

[Debug]   [LOCALE0]   arrFromBlockToHashed: 0.040444
  ├─ counts: 0.008257
  ├─ makeDestArr: 0.017388
  └─ distribute: 0.014799
     └─ permute (mean over locales, sum over tasks): 0.835469

+ for chainLength in 36 40 42 44 46
+ srun --mpi=pmix -N 16 -n 16 singularity exec ../benchmark-block-hashed.sif BenchmarkBlockHashed --numLocales 16 --kHamiltonian data/heisenberg_chain_40_symm.yaml --kDisplayTimings=true
WARNING: passwd file doesn't exist in container, not updating
WARNING: passwd file doesn't exist in container, not updating
WARNING: group file doesn't exist in container, not updating
WARNING: passwd file doesn't exist in container, not updating
WARNING: passwd file doesn't exist in container, not updating
WARNING: group file doesn't exist in container, not updating
WARNING: passwd file doesn't exist in container, not updating
WARNING: group file doesn't exist in container, not updating
WARNING: passwd file doesn't exist in container, not updating
WARNING: passwd file doesn't exist in container, not updating
WARNING: group file doesn't exist in container, not updating
WARNING: passwd file doesn't exist in container, not updating
WARNING: group file doesn't exist in container, not updating
WARNING: passwd file doesn't exist in container, not updating
WARNING: group file doesn't exist in container, not updating
WARNING: passwd file doesn't exist in container, not updating
WARNING: passwd file doesn't exist in container, not updating
WARNING: group file doesn't exist in container, not updating
WARNING: passwd file doesn't exist in container, not updating
WARNING: group file doesn't exist in container, not updating
WARNING: passwd file doesn't exist in container, not updating
WARNING: group file doesn't exist in container, not updating
WARNING: passwd file doesn't exist in container, not updating
WARNING: group file doesn't exist in container, not updating
WARNING: passwd file doesn't exist in container, not updating
WARNING: group file doesn't exist in container, not updating
WARNING: group file doesn't exist in container, not updating
WARNING: passwd file doesn't exist in container, not updating
WARNING: group file doesn't exist in container, not updating
WARNING: group file doesn't exist in container, not updating
WARNING: group file doesn't exist in container, not updating
WARNING: group file doesn't exist in container, not updating
[tcn184.local.snellius.surf.nl:2189304] PMIX ERROR: ERROR in file gds_ds12_lock_pthread.c at line 168
[tcn461.local.snellius.surf.nl:1502722] PMIX ERROR: ERROR in file gds_ds12_lock_pthread.c at line 168
[tcn457.local.snellius.surf.nl:2801501] PMIX ERROR: ERROR in file gds_ds12_lock_pthread.c at line 168
[tcn458.local.snellius.surf.nl:4017220] PMIX ERROR: ERROR in file gds_ds12_lock_pthread.c at line 168
[tcn460.local.snellius.surf.nl:1654757] PMIX ERROR: ERROR in file gds_ds12_lock_pthread.c at line 168
[tcn462.local.snellius.surf.nl:3882115] PMIX ERROR: ERROR in file gds_ds12_lock_pthread.c at line 168
[tcn459.local.snellius.surf.nl:106823] PMIX ERROR: ERROR in file gds_ds12_lock_pthread.c at line 168
[tcn456.local.snellius.surf.nl:862139] PMIX ERROR: ERROR in file gds_ds12_lock_pthread.c at line 168
[tcn468.local.snellius.surf.nl:632191] PMIX ERROR: ERROR in file gds_ds12_lock_pthread.c at line 168
[tcn183.local.snellius.surf.nl:2539912] PMIX ERROR: ERROR in file gds_ds12_lock_pthread.c at line 168
[tcn452.local.snellius.surf.nl:3357706] PMIX ERROR: ERROR in file gds_ds12_lock_pthread.c at line 168
[tcn467.local.snellius.surf.nl:168562] PMIX ERROR: ERROR in file gds_ds12_lock_pthread.c at line 168
[tcn464.local.snellius.surf.nl:3728558] PMIX ERROR: ERROR in file gds_ds12_lock_pthread.c at line 168
[tcn465.local.snellius.surf.nl:1738104] PMIX ERROR: ERROR in file gds_ds12_lock_pthread.c at line 168
[tcn181.local.snellius.surf.nl:128858] PMIX ERROR: ERROR in file gds_ds12_lock_pthread.c at line 168
[tcn463.local.snellius.surf.nl:3336174] PMIX ERROR: ERROR in file gds_ds12_lock_pthread.c at line 168
[Debug]   [LOCALE0]   determineEnumerationRanges(1048575..549755289600) took 2.17418
[Debug]   [LOCALE13]   _enumStatesComputeCounts: 4.99692
  ├─ 630.094 in _enumerateStates
  ├─ 1.08695 in _enumStatesComputeMasksAndCounts
  └─ 0.003133 in PUT
     (parallel speedup: 126.315)
[Debug]   [LOCALE11]   _enumStatesComputeCounts: 4.998
  ├─ 630.755 in _enumerateStates
  ├─ 1.10047 in _enumStatesComputeMasksAndCounts
  └─ 0.003025 in PUT
     (parallel speedup: 126.422)
[Debug]   [LOCALE4]   _enumStatesComputeCounts: 4.99808
  ├─ 630.478 in _enumerateStates
  ├─ 1.10665 in _enumStatesComputeMasksAndCounts
  └─ 0.003065 in PUT
     (parallel speedup: 126.366)
[Debug]   [LOCALE14]   _enumStatesComputeCounts: 5.00431
  ├─ 630.474 in _enumerateStates
  ├─ 1.11361 in _enumStatesComputeMasksAndCounts
  └─ 0.002707 in PUT
     (parallel speedup: 126.209)
[Debug]   [LOCALE9]   _enumStatesComputeCounts: 5.00465
  ├─ 631.395 in _enumerateStates
  ├─ 1.11314 in _enumStatesComputeMasksAndCounts
  └─ 0.003025 in PUT
     (parallel speedup: 126.385)
[Debug]   [LOCALE8]   _enumStatesComputeCounts: 4.98948
  ├─ 629.557 in _enumerateStates
  ├─ 1.0847 in _enumStatesComputeMasksAndCounts
  └─ 0.003201 in PUT
     (parallel speedup: 126.395)
[Debug]   [LOCALE0]   _enumStatesComputeCounts: 5.00833
  ├─ 636.582 in _enumerateStates
  ├─ 1.10983 in _enumStatesComputeMasksAndCounts
  └─ 0.000371 in PUT
     (parallel speedup: 127.326)
[Debug]   [LOCALE6]   _enumStatesComputeCounts: 5.00849
  ├─ 632.2 in _enumerateStates
  ├─ 1.11444 in _enumStatesComputeMasksAndCounts
  └─ 0.003091 in PUT
     (parallel speedup: 126.449)
[Debug]   [LOCALE3]   _enumStatesComputeCounts: 5.00895
  ├─ 631.277 in _enumerateStates
  ├─ 1.1102 in _enumStatesComputeMasksAndCounts
  └─ 0.002968 in PUT
     (parallel speedup: 126.252)
[Debug]   [LOCALE7]   _enumStatesComputeCounts: 5.00966
  ├─ 632.0 in _enumerateStates
  ├─ 1.1023 in _enumStatesComputeMasksAndCounts
  └─ 0.002883 in PUT
     (parallel speedup: 126.377)
[Debug]   [LOCALE5]   _enumStatesComputeCounts: 5.01062
  ├─ 631.839 in _enumerateStates
  ├─ 1.07842 in _enumStatesComputeMasksAndCounts
  └─ 0.00378 in PUT
     (parallel speedup: 126.316)
[Debug]   [LOCALE15]   _enumStatesComputeCounts: 5.01284
  ├─ 632.164 in _enumerateStates
  ├─ 1.13147 in _enumStatesComputeMasksAndCounts
  └─ 0.0029 in PUT
     (parallel speedup: 126.335)
[Debug]   [LOCALE12]   _enumStatesComputeCounts: 5.0241
  ├─ 633.958 in _enumerateStates
  ├─ 1.1198 in _enumStatesComputeMasksAndCounts
  └─ 0.002652 in PUT
     (parallel speedup: 126.407)
[Debug]   [LOCALE10]   _enumStatesComputeCounts: 5.02968
  ├─ 634.369 in _enumerateStates
  ├─ 1.08595 in _enumStatesComputeMasksAndCounts
  └─ 0.003231 in PUT
     (parallel speedup: 126.342)
[Debug]   [LOCALE2]   _enumStatesComputeCounts: 5.03013
  ├─ 633.813 in _enumerateStates
  ├─ 1.13171 in _enumStatesComputeMasksAndCounts
  └─ 0.003453 in PUT
     (parallel speedup: 126.229)
[Debug]   [LOCALE1]   _enumStatesComputeCounts: 5.03523
  ├─ 635.136 in _enumerateStates
  ├─ 1.11787 in _enumStatesComputeMasksAndCounts
  └─ 0.003346 in PUT
     (parallel speedup: 126.361)
[Debug]   [LOCALE0]   enumerateStates: 5.37679
  ├─ 5.03835 in _enumStatesComputeCounts
  ├─ 0.006474 in _enumStatesMakeBuckets
  ├─ 0.055423 in allocation
  ├─ 0.017046 in _enumStatesMakeMasks
  ├─ 0.059754 in _enumStatesPrepareDescriptors
  └─ 0.175256 shuffling stuff around
      ├─ 0.948145 0.403689 0.382038 0.462718 0.45811 0.425065 0.457913 0.450379 0.449181 0.450082 0.448904 0.437321 0.459693 0.453093 0.418063 0.460334 copying states
      └─ 0.202205 0.074169 0.116141 0.038692 0.040328 0.133577 0.067348 0.090949 0.075542 0.118593 0.037498 0.038686 0.038437 0.101069 0.238511 0.03007 copying masks
[Debug]   [LOCALE0]   arrFromHashedToBlock: 0.069598
  ├─ counts: 0.008411
  └─ distribute: 0.042199

[Debug]   [LOCALE0]   arrFromBlockToHashed: 0.089583
  ├─ counts: 0.008247
  ├─ makeDestArr: 0.016684
  └─ distribute: 0.064651
     └─ permute (mean over locales, sum over tasks): 3.85868

+ for chainLength in 36 40 42 44 46
+ srun --mpi=pmix -N 16 -n 16 singularity exec ../benchmark-block-hashed.sif BenchmarkBlockHashed --numLocales 16 --kHamiltonian data/heisenberg_chain_42_symm.yaml --kDisplayTimings=true
WARNING: passwd file doesn't exist in container, not updating
WARNING: passwd file doesn't exist in container, not updating
WARNING: group file doesn't exist in container, not updating
WARNING: passwd file doesn't exist in container, not updating
WARNING: group file doesn't exist in container, not updating
WARNING: passwd file doesn't exist in container, not updating
WARNING: group file doesn't exist in container, not updating
WARNING: passwd file doesn't exist in container, not updating
WARNING: passwd file doesn't exist in container, not updating
WARNING: group file doesn't exist in container, not updating
WARNING: passwd file doesn't exist in container, not updating
WARNING: passwd file doesn't exist in container, not updating
WARNING: group file doesn't exist in container, not updating
WARNING: passwd file doesn't exist in container, not updating
WARNING: group file doesn't exist in container, not updating
WARNING: passwd file doesn't exist in container, not updating
WARNING: group file doesn't exist in container, not updating
WARNING: passwd file doesn't exist in container, not updating
WARNING: group file doesn't exist in container, not updating
WARNING: passwd file doesn't exist in container, not updating
WARNING: group file doesn't exist in container, not updating
WARNING: passwd file doesn't exist in container, not updating
WARNING: group file doesn't exist in container, not updating
WARNING: passwd file doesn't exist in container, not updating
WARNING: passwd file doesn't exist in container, not updating
WARNING: passwd file doesn't exist in container, not updating
WARNING: group file doesn't exist in container, not updating
WARNING: group file doesn't exist in container, not updating
WARNING: group file doesn't exist in container, not updating
WARNING: group file doesn't exist in container, not updating
WARNING: group file doesn't exist in container, not updating
WARNING: group file doesn't exist in container, not updating
[tcn461.local.snellius.surf.nl:1503094] PMIX ERROR: ERROR in file gds_ds12_lock_pthread.c at line 168
[tcn184.local.snellius.surf.nl:2189767] PMIX ERROR: ERROR in file gds_ds12_lock_pthread.c at line 168
[tcn468.local.snellius.surf.nl:632727] PMIX ERROR: ERROR in file gds_ds12_lock_pthread.c at line 168
[tcn457.local.snellius.surf.nl:2801863] PMIX ERROR: ERROR in file gds_ds12_lock_pthread.c at line 168
[tcn459.local.snellius.surf.nl:107340] PMIX ERROR: ERROR in file gds_ds12_lock_pthread.c at line 168
[tcn462.local.snellius.surf.nl:3882487] PMIX ERROR: ERROR in file gds_ds12_lock_pthread.c at line 168
[tcn456.local.snellius.surf.nl:862526] PMIX ERROR: ERROR in file gds_ds12_lock_pthread.c at line 168
[tcn464.local.snellius.surf.nl:3728920] PMIX ERROR: ERROR in file gds_ds12_lock_pthread.c at line 168
[tcn458.local.snellius.surf.nl:4017667] PMIX ERROR: ERROR in file gds_ds12_lock_pthread.c at line 168
[tcn467.local.snellius.surf.nl:168928] PMIX ERROR: ERROR in file gds_ds12_lock_pthread.c at line 168
[tcn181.local.snellius.surf.nl:129355] PMIX ERROR: ERROR in file gds_ds12_lock_pthread.c at line 168
[tcn460.local.snellius.surf.nl:1655158] PMIX ERROR: ERROR in file gds_ds12_lock_pthread.c at line 168
[tcn183.local.snellius.surf.nl:2540281] PMIX ERROR: ERROR in file gds_ds12_lock_pthread.c at line 168
[tcn463.local.snellius.surf.nl:3336600] PMIX ERROR: ERROR in file gds_ds12_lock_pthread.c at line 168
[tcn452.local.snellius.surf.nl:3358136] PMIX ERROR: ERROR in file gds_ds12_lock_pthread.c at line 168
[tcn465.local.snellius.surf.nl:1738543] PMIX ERROR: ERROR in file gds_ds12_lock_pthread.c at line 168
[Debug]   [LOCALE0]   determineEnumerationRanges(2097151..2199022206976) took 2.45545
[Debug]   [LOCALE8]   _enumStatesComputeCounts: 19.7222
  ├─ 2502.78 in _enumerateStates
  ├─ 4.09329 in _enumStatesComputeMasksAndCounts
  └─ 0.003639 in PUT
     (parallel speedup: 127.109)
[Debug]   [LOCALE0]   _enumStatesComputeCounts: 19.7434
  ├─ 2509.59 in _enumerateStates
  ├─ 3.99874 in _enumStatesComputeMasksAndCounts
  └─ 0.00036 in PUT
     (parallel speedup: 127.313)
[Debug]   [LOCALE15]   _enumStatesComputeCounts: 19.7454
  ├─ 2504.19 in _enumerateStates
  ├─ 3.9681 in _enumStatesComputeMasksAndCounts
  └─ 0.00349 in PUT
     (parallel speedup: 127.025)
[Debug]   [LOCALE12]   _enumStatesComputeCounts: 19.7454
  ├─ 2505.57 in _enumerateStates
  ├─ 3.94608 in _enumStatesComputeMasksAndCounts
  └─ 0.003178 in PUT
     (parallel speedup: 127.094)
[Debug]   [LOCALE1]   _enumStatesComputeCounts: 19.7478
  ├─ 2505.95 in _enumerateStates
  ├─ 4.12488 in _enumStatesComputeMasksAndCounts
  └─ 0.004199 in PUT
     (parallel speedup: 127.107)
[Debug]   [LOCALE11]   _enumStatesComputeCounts: 19.7542
  ├─ 2505.08 in _enumerateStates
  ├─ 4.06856 in _enumStatesComputeMasksAndCounts
  └─ 0.003856 in PUT
     (parallel speedup: 127.019)
[Debug]   [LOCALE2]   _enumStatesComputeCounts: 19.7709
  ├─ 2507.23 in _enumerateStates
  ├─ 4.07189 in _enumStatesComputeMasksAndCounts
  └─ 0.003787 in PUT
     (parallel speedup: 127.02)
[Debug]   [LOCALE7]   _enumStatesComputeCounts: 19.7793
  ├─ 2508.39 in _enumerateStates
  ├─ 4.22015 in _enumStatesComputeMasksAndCounts
  └─ 0.003493 in PUT
     (parallel speedup: 127.032)
[Debug]   [LOCALE14]   _enumStatesComputeCounts: 19.7892
  ├─ 2510.24 in _enumerateStates
  ├─ 3.97179 in _enumStatesComputeMasksAndCounts
  └─ 0.003753 in PUT
     (parallel speedup: 127.05)
[Debug]   [LOCALE9]   _enumStatesComputeCounts: 19.8127
  ├─ 2512.72 in _enumerateStates
  ├─ 4.12362 in _enumStatesComputeMasksAndCounts
  └─ 0.004047 in PUT
     (parallel speedup: 127.032)
[Debug]   [LOCALE13]   _enumStatesComputeCounts: 19.834
  ├─ 2514.82 in _enumerateStates
  ├─ 3.99156 in _enumStatesComputeMasksAndCounts
  └─ 0.003735 in PUT
     (parallel speedup: 126.995)
[Debug]   [LOCALE5]   _enumStatesComputeCounts: 19.8365
  ├─ 2516.46 in _enumerateStates
  ├─ 4.16247 in _enumStatesComputeMasksAndCounts
  └─ 0.003585 in PUT
     (parallel speedup: 127.07)
[Debug]   [LOCALE6]   _enumStatesComputeCounts: 19.8526
  ├─ 2518.2 in _enumerateStates
  ├─ 4.08774 in _enumStatesComputeMasksAndCounts
  └─ 0.003222 in PUT
     (parallel speedup: 127.051)
[Debug]   [LOCALE10]   _enumStatesComputeCounts: 19.8621
  ├─ 2519.66 in _enumerateStates
  ├─ 4.0324 in _enumStatesComputeMasksAndCounts
  └─ 0.003814 in PUT
     (parallel speedup: 127.061)
[Debug]   [LOCALE4]   _enumStatesComputeCounts: 19.8896
  ├─ 2523.56 in _enumerateStates
  ├─ 4.27271 in _enumStatesComputeMasksAndCounts
  └─ 0.003392 in PUT
     (parallel speedup: 127.093)
[Debug]   [LOCALE3]   _enumStatesComputeCounts: 19.9339
  ├─ 2527.57 in _enumerateStates
  ├─ 4.17914 in _enumStatesComputeMasksAndCounts
  └─ 0.003911 in PUT
     (parallel speedup: 127.007)
[Debug]   [LOCALE0]   enumerateStates: 20.5838
  ├─ 19.9368 in _enumStatesComputeCounts
  ├─ 0.006513 in _enumStatesMakeBuckets
  ├─ 0.064115 in allocation
  ├─ 0.024014 in _enumStatesMakeMasks
  ├─ 0.059948 in _enumStatesPrepareDescriptors
  └─ 0.46571 shuffling stuff around
      ├─ 1.68288 1.0226 0.879114 1.39517 1.2877 1.24773 1.38037 1.41688 1.31431 1.43232 1.40654 1.28215 1.42633 1.39175 1.39748 1.30787 copying states
      └─ 0.135529 0.109327 0.57589 0.130594 0.395604 0.414239 0.34852 0.132132 0.349319 0.136528 0.182198 0.807745 0.336281 0.122564 0.322082 0.096888 copying masks
[Debug]   [LOCALE0]   arrFromHashedToBlock: 0.191962
  ├─ counts: 0.009996
  └─ distribute: 0.155553

[Debug]   [LOCALE0]   arrFromBlockToHashed: 0.183335
  ├─ counts: 0.00915
  ├─ makeDestArr: 0.028989
  └─ distribute: 0.145195
     └─ permute (mean over locales, sum over tasks): 12.9666

+ for chainLength in 36 40 42 44 46
+ srun --mpi=pmix -N 16 -n 16 singularity exec ../benchmark-block-hashed.sif BenchmarkBlockHashed --numLocales 16 --kHamiltonian data/heisenberg_chain_44_symm.yaml --kDisplayTimings=true
WARNING: passwd file doesn't exist in container, not updating
WARNING: passwd file doesn't exist in container, not updating
WARNING: group file doesn't exist in container, not updating
WARNING: passwd file doesn't exist in container, not updating
WARNING: group file doesn't exist in container, not updating
WARNING: passwd file doesn't exist in container, not updating
WARNING: group file doesn't exist in container, not updating
WARNING: passwd file doesn't exist in container, not updating
WARNING: group file doesn't exist in container, not updating
WARNING: passwd file doesn't exist in container, not updating
WARNING: passwd file doesn't exist in container, not updating
WARNING: group file doesn't exist in container, not updating
WARNING: passwd file doesn't exist in container, not updating
WARNING: group file doesn't exist in container, not updating
WARNING: passwd file doesn't exist in container, not updating
WARNING: passwd file doesn't exist in container, not updating
WARNING: group file doesn't exist in container, not updating
WARNING: passwd file doesn't exist in container, not updating
WARNING: passwd file doesn't exist in container, not updating
WARNING: group file doesn't exist in container, not updating
WARNING: passwd file doesn't exist in container, not updating
WARNING: group file doesn't exist in container, not updating
WARNING: passwd file doesn't exist in container, not updating
WARNING: group file doesn't exist in container, not updating
WARNING: passwd file doesn't exist in container, not updating
WARNING: passwd file doesn't exist in container, not updating
WARNING: group file doesn't exist in container, not updating
WARNING: group file doesn't exist in container, not updating
WARNING: group file doesn't exist in container, not updating
WARNING: group file doesn't exist in container, not updating
WARNING: group file doesn't exist in container, not updating
WARNING: group file doesn't exist in container, not updating
[tcn183.local.snellius.surf.nl:2540836] PMIX ERROR: ERROR in file gds_ds12_lock_pthread.c at line 168
[tcn459.local.snellius.surf.nl:107729] PMIX ERROR: ERROR in file gds_ds12_lock_pthread.c at line 168
[tcn461.local.snellius.surf.nl:1503725] PMIX ERROR: ERROR in file gds_ds12_lock_pthread.c at line 168
[tcn457.local.snellius.surf.nl:2802489] PMIX ERROR: ERROR in file gds_ds12_lock_pthread.c at line 168
[tcn456.local.snellius.surf.nl:862914] PMIX ERROR: ERROR in file gds_ds12_lock_pthread.c at line 168
[tcn462.local.snellius.surf.nl:3882872] PMIX ERROR: ERROR in file gds_ds12_lock_pthread.c at line 168
[tcn463.local.snellius.surf.nl:3337101] PMIX ERROR: ERROR in file gds_ds12_lock_pthread.c at line 168
[tcn467.local.snellius.surf.nl:169545] PMIX ERROR: ERROR in file gds_ds12_lock_pthread.c at line 168
[tcn464.local.snellius.surf.nl:3729362] PMIX ERROR: ERROR in file gds_ds12_lock_pthread.c at line 168
[tcn458.local.snellius.surf.nl:4018114] PMIX ERROR: ERROR in file gds_ds12_lock_pthread.c at line 168
[tcn468.local.snellius.surf.nl:633218] PMIX ERROR: ERROR in file gds_ds12_lock_pthread.c at line 168
[tcn460.local.snellius.surf.nl:1655544] PMIX ERROR: ERROR in file gds_ds12_lock_pthread.c at line 168
[tcn465.local.snellius.surf.nl:1739039] PMIX ERROR: ERROR in file gds_ds12_lock_pthread.c at line 168
[tcn184.local.snellius.surf.nl:2190691] PMIX ERROR: ERROR in file gds_ds12_lock_pthread.c at line 168
[tcn181.local.snellius.surf.nl:129914] PMIX ERROR: ERROR in file gds_ds12_lock_pthread.c at line 168
[tcn452.local.snellius.surf.nl:3358595] PMIX ERROR: ERROR in file gds_ds12_lock_pthread.c at line 168
[Debug]   [LOCALE0]   determineEnumerationRanges(4194303..8796090925056) took 2.59721
[Debug]   [LOCALE13]   _enumStatesComputeCounts: 78.2623
  ├─ 9944.55 in _enumerateStates
  ├─ 14.9712 in _enumStatesComputeMasksAndCounts
  └─ 0.005665 in PUT
     (parallel speedup: 127.258)
[Debug]   [LOCALE15]   _enumStatesComputeCounts: 78.3314
  ├─ 9953.22 in _enumerateStates
  ├─ 14.8053 in _enumStatesComputeMasksAndCounts
  └─ 0.004589 in PUT
     (parallel speedup: 127.255)
[Debug]   [LOCALE9]   _enumStatesComputeCounts: 78.4065
  ├─ 9958.25 in _enumerateStates
  ├─ 15.4148 in _enumStatesComputeMasksAndCounts
  └─ 0.005644 in PUT
     (parallel speedup: 127.205)
[Debug]   [LOCALE5]   _enumStatesComputeCounts: 78.3748
  ├─ 9962.3 in _enumerateStates
  ├─ 15.2786 in _enumStatesComputeMasksAndCounts
  └─ 0.005233 in PUT
     (parallel speedup: 127.306)
[Debug]   [LOCALE8]   _enumStatesComputeCounts: 78.4787
  ├─ 9976.29 in _enumerateStates
  ├─ 15.1692 in _enumStatesComputeMasksAndCounts
  └─ 0.004645 in PUT
     (parallel speedup: 127.314)
[Debug]   [LOCALE7]   _enumStatesComputeCounts: 78.3224
  ├─ 9949.45 in _enumerateStates
  ├─ 15.3036 in _enumStatesComputeMasksAndCounts
  └─ 0.00496 in PUT
     (parallel speedup: 127.227)
[Debug]   [LOCALE10]   _enumStatesComputeCounts: 78.4266
  ├─ 9959.59 in _enumerateStates
  ├─ 15.3546 in _enumStatesComputeMasksAndCounts
  └─ 0.004852 in PUT
     (parallel speedup: 127.188)
[Debug]   [LOCALE2]   _enumStatesComputeCounts: 78.5536
  ├─ 9973.1 in _enumerateStates
  ├─ 15.3439 in _enumStatesComputeMasksAndCounts
  └─ 0.005838 in PUT
     (parallel speedup: 127.155)
[Debug]   [LOCALE0]   _enumStatesComputeCounts: 78.5757
  ├─ 9982.77 in _enumerateStates
  ├─ 15.2094 in _enumStatesComputeMasksAndCounts
  └─ 0.000432 in PUT
     (parallel speedup: 127.24)
[Debug]   [LOCALE14]   _enumStatesComputeCounts: 78.5897
  ├─ 9987.95 in _enumerateStates
  ├─ 15.06 in _enumStatesComputeMasksAndCounts
  └─ 0.004529 in PUT
     (parallel speedup: 127.281)
[Debug]   [LOCALE11]   _enumStatesComputeCounts: 78.6656
  ├─ 9987.18 in _enumerateStates
  ├─ 15.3142 in _enumStatesComputeMasksAndCounts
  └─ 0.005187 in PUT
     (parallel speedup: 127.152)
[Debug]   [LOCALE3]   _enumStatesComputeCounts: 78.7051
  ├─ 9995.03 in _enumerateStates
  ├─ 15.2873 in _enumStatesComputeMasksAndCounts
  └─ 0.005132 in PUT
     (parallel speedup: 127.188)
[Debug]   [LOCALE4]   _enumStatesComputeCounts: 78.8014
  ├─ 10013.0 in _enumerateStates
  ├─ 15.2876 in _enumStatesComputeMasksAndCounts
  └─ 0.004651 in PUT
     (parallel speedup: 127.261)
[Debug]   [LOCALE6]   _enumStatesComputeCounts: 78.831
  ├─ 10010.1 in _enumerateStates
  ├─ 15.4563 in _enumStatesComputeMasksAndCounts
  └─ 0.005702 in PUT
     (parallel speedup: 127.178)
[Debug]   [LOCALE12]   _enumStatesComputeCounts: 79.0742
  ├─ 10047.4 in _enumerateStates
  ├─ 14.9359 in _enumStatesComputeMasksAndCounts
  └─ 0.00508 in PUT
     (parallel speedup: 127.252)
[Debug]   [LOCALE1]   _enumStatesComputeCounts: 82.4907
  ├─ 10498.5 in _enumerateStates
  ├─ 15.1114 in _enumStatesComputeMasksAndCounts
  └─ 0.005093 in PUT
     (parallel speedup: 127.452)
[Debug]   [LOCALE0]   enumerateStates: 84.3544
  ├─ 82.4935 in _enumStatesComputeCounts
  ├─ 0.00449 in _enumStatesMakeBuckets
  ├─ 0.072482 in allocation
  ├─ 0.017572 in _enumStatesMakeMasks
  ├─ 0.060325 in _enumStatesPrepareDescriptors
  └─ 1.68308 shuffling stuff around
      ├─ 4.07142 3.4861 3.37729 4.66811 4.64405 5.04349 4.89906 4.9055 5.00748 4.82076 4.81163 4.91374 4.89421 5.17239 4.97708 4.43228 copying states
      └─ 0.349392 0.324943 1.57746 0.670312 2.47012 0.488927 0.482149 0.451673 1.14852 2.30279 1.37231 0.728761 0.436253 0.494365 1.72051 1.6681 copying masks
[Debug]   [LOCALE0]   arrFromHashedToBlock: 0.626686
  ├─ counts: 0.013283
  └─ distribute: 0.555194

[Debug]   [LOCALE0]   arrFromBlockToHashed: 0.633204
  ├─ counts: 0.017199
  ├─ makeDestArr: 0.072645
  └─ distribute: 0.543358
     └─ permute (mean over locales, sum over tasks): 48.2765

+ for chainLength in 36 40 42 44 46
+ srun --mpi=pmix -N 16 -n 16 singularity exec ../benchmark-block-hashed.sif BenchmarkBlockHashed --numLocales 16 --kHamiltonian data/heisenberg_chain_46_symm.yaml --kDisplayTimings=true
WARNING: passwd file doesn't exist in container, not updating
WARNING: group file doesn't exist in container, not updating
WARNING: passwd file doesn't exist in container, not updating
WARNING: passwd file doesn't exist in container, not updating
WARNING: group file doesn't exist in container, not updating
WARNING: passwd file doesn't exist in container, not updating
WARNING: passwd file doesn't exist in container, not updating
WARNING: group file doesn't exist in container, not updating
WARNING: passwd file doesn't exist in container, not updating
WARNING: group file doesn't exist in container, not updating
WARNING: passwd file doesn't exist in container, not updating
WARNING: passwd file doesn't exist in container, not updating
WARNING: passwd file doesn't exist in container, not updating
WARNING: group file doesn't exist in container, not updating
WARNING: passwd file doesn't exist in container, not updating
WARNING: group file doesn't exist in container, not updating
WARNING: passwd file doesn't exist in container, not updating
WARNING: group file doesn't exist in container, not updating
WARNING: passwd file doesn't exist in container, not updating
WARNING: group file doesn't exist in container, not updating
WARNING: passwd file doesn't exist in container, not updating
WARNING: group file doesn't exist in container, not updating
WARNING: passwd file doesn't exist in container, not updating
WARNING: group file doesn't exist in container, not updating
WARNING: passwd file doesn't exist in container, not updating
WARNING: group file doesn't exist in container, not updating
WARNING: passwd file doesn't exist in container, not updating
WARNING: group file doesn't exist in container, not updating
WARNING: group file doesn't exist in container, not updating
WARNING: group file doesn't exist in container, not updating
WARNING: group file doesn't exist in container, not updating
WARNING: group file doesn't exist in container, not updating
[tcn467.local.snellius.surf.nl:170220] PMIX ERROR: ERROR in file gds_ds12_lock_pthread.c at line 168
[tcn181.local.snellius.surf.nl:130859] PMIX ERROR: ERROR in file gds_ds12_lock_pthread.c at line 168
[tcn458.local.snellius.surf.nl:4018962] PMIX ERROR: ERROR in file gds_ds12_lock_pthread.c at line 168
[tcn468.local.snellius.surf.nl:634062] PMIX ERROR: ERROR in file gds_ds12_lock_pthread.c at line 168
[tcn459.local.snellius.surf.nl:108610] PMIX ERROR: ERROR in file gds_ds12_lock_pthread.c at line 168
[tcn183.local.snellius.surf.nl:2541632] PMIX ERROR: ERROR in file gds_ds12_lock_pthread.c at line 168
[tcn460.local.snellius.surf.nl:1656456] PMIX ERROR: ERROR in file gds_ds12_lock_pthread.c at line 168
[tcn462.local.snellius.surf.nl:3883723] PMIX ERROR: ERROR in file gds_ds12_lock_pthread.c at line 168
[tcn461.local.snellius.surf.nl:1504422] PMIX ERROR: ERROR in file gds_ds12_lock_pthread.c at line 168
[tcn463.local.snellius.surf.nl:3337876] PMIX ERROR: ERROR in file gds_ds12_lock_pthread.c at line 168
[tcn457.local.snellius.surf.nl:2803209] PMIX ERROR: ERROR in file gds_ds12_lock_pthread.c at line 168
[tcn465.local.snellius.surf.nl:1739858] PMIX ERROR: ERROR in file gds_ds12_lock_pthread.c at line 168
[tcn184.local.snellius.surf.nl:2197451] PMIX ERROR: ERROR in file gds_ds12_lock_pthread.c at line 168
[tcn452.local.snellius.surf.nl:3359478] PMIX ERROR: ERROR in file gds_ds12_lock_pthread.c at line 168
[tcn456.local.snellius.surf.nl:863764] PMIX ERROR: ERROR in file gds_ds12_lock_pthread.c at line 168
[tcn464.local.snellius.surf.nl:3730275] PMIX ERROR: ERROR in file gds_ds12_lock_pthread.c at line 168
[Debug]   [LOCALE0]   determineEnumerationRanges(8388607..35184367894528) took 2.79861
[Debug]   [LOCALE3]   _enumStatesComputeCounts: 311.137
  ├─ 39585.5 in _enumerateStates
  ├─ 55.7509 in _enumStatesComputeMasksAndCounts
  └─ 0.011141 in PUT
     (parallel speedup: 127.408)
[Debug]   [LOCALE12]   _enumStatesComputeCounts: 311.379
  ├─ 39639.3 in _enumerateStates
  ├─ 58.7148 in _enumStatesComputeMasksAndCounts
  └─ 0.006755 in PUT
     (parallel speedup: 127.491)
[Debug]   [LOCALE7]   _enumStatesComputeCounts: 311.496
  ├─ 39607.8 in _enumerateStates
  ├─ 57.7602 in _enumStatesComputeMasksAndCounts
  └─ 0.006579 in PUT
     (parallel speedup: 127.339)
[Debug]   [LOCALE0]   _enumStatesComputeCounts: 311.542
  ├─ 39659.2 in _enumerateStates
  ├─ 56.9889 in _enumStatesComputeMasksAndCounts
  └─ 0.001088 in PUT
     (parallel speedup: 127.483)
[Debug]   [LOCALE14]   _enumStatesComputeCounts: 311.569
  ├─ 39692.4 in _enumerateStates
  ├─ 56.1048 in _enumStatesComputeMasksAndCounts
  └─ 0.007903 in PUT
     (parallel speedup: 127.575)
[Debug]   [LOCALE13]   _enumStatesComputeCounts: 311.616
  ├─ 39622.1 in _enumerateStates
  ├─ 57.1405 in _enumStatesComputeMasksAndCounts
  └─ 0.008524 in PUT
     (parallel speedup: 127.334)
[Debug]   [LOCALE6]   _enumStatesComputeCounts: 311.711
  ├─ 39621.5 in _enumerateStates
  ├─ 57.0393 in _enumStatesComputeMasksAndCounts
  └─ 0.009652 in PUT
     (parallel speedup: 127.293)
[Debug]   [LOCALE2]   _enumStatesComputeCounts: 311.78
  ├─ 39672.3 in _enumerateStates
  ├─ 56.8643 in _enumStatesComputeMasksAndCounts
  └─ 0.007503 in PUT
     (parallel speedup: 127.427)
[Debug]   [LOCALE1]   _enumStatesComputeCounts: 312.275
  ├─ 39716.5 in _enumerateStates
  ├─ 56.6678 in _enumStatesComputeMasksAndCounts
  └─ 0.007449 in PUT
     (parallel speedup: 127.366)
[Debug]   [LOCALE15]   _enumStatesComputeCounts: 312.445
  ├─ 39689.3 in _enumerateStates
  ├─ 56.5272 in _enumStatesComputeMasksAndCounts
  └─ 0.006952 in PUT
     (parallel speedup: 127.209)
[Debug]   [LOCALE9]   _enumStatesComputeCounts: 312.736
  ├─ 39746.1 in _enumerateStates
  ├─ 57.1981 in _enumStatesComputeMasksAndCounts
  └─ 0.00972 in PUT
     (parallel speedup: 127.274)
[Debug]   [LOCALE4]   _enumStatesComputeCounts: 312.984
  ├─ 39760.4 in _enumerateStates
  ├─ 56.0844 in _enumStatesComputeMasksAndCounts
  └─ 0.009896 in PUT
     (parallel speedup: 127.216)
[Debug]   [LOCALE11]   _enumStatesComputeCounts: 313.04
  ├─ 39765.8 in _enumerateStates
  ├─ 57.82 in _enumStatesComputeMasksAndCounts
  └─ 0.010184 in PUT
     (parallel speedup: 127.216)
[Debug]   [LOCALE5]   _enumStatesComputeCounts: 313.656
  ├─ 39860.5 in _enumerateStates
  ├─ 57.8745 in _enumStatesComputeMasksAndCounts
  └─ 0.00721 in PUT
     (parallel speedup: 127.268)
[Debug]   [LOCALE8]   _enumStatesComputeCounts: 314.199
  ├─ 39981.2 in _enumerateStates
  ├─ 56.4178 in _enumStatesComputeMasksAndCounts
  └─ 0.007353 in PUT
     (parallel speedup: 127.427)
[Debug]   [LOCALE10]   _enumStatesComputeCounts: 330.712
  ├─ 42062.6 in _enumerateStates
  ├─ 58.1908 in _enumStatesComputeMasksAndCounts
  └─ 0.00762 in PUT
     (parallel speedup: 127.364)
[Debug]   [LOCALE0]   enumerateStates: 338.46
  ├─ 330.715 in _enumStatesComputeCounts
  ├─ 0.004473 in _enumStatesMakeBuckets
  ├─ 0.242441 in allocation
  ├─ 0.046626 in _enumStatesMakeMasks
  ├─ 0.083215 in _enumStatesPrepareDescriptors
  └─ 7.34529 shuffling stuff around
      ├─ 11.2863 12.0431 10.902 14.5061 18.2419 20.1604 17.34 17.4638 16.1182 19.7132 19.1084 20.1959 19.8434 20.2437 19.1775 18.9902 copying states
      └─ 7.01038 5.34165 5.49305 10.2664 5.79399 1.92836 3.95984 5.42522 7.47642 1.8732 4.20533 1.86043 1.8474 2.17237 1.72204 1.38369 copying masks
[Debug]   [LOCALE0]   arrFromHashedToBlock: 2.39482
  ├─ counts: 0.053811
  └─ distribute: 2.13782

[Debug]   [LOCALE0]   arrFromBlockToHashed: 2.28885
  ├─ counts: 0.04274
  ├─ makeDestArr: 0.216013
  └─ distribute: 2.0301
     └─ permute (mean over locales, sum over tasks): 179.585


JOB STATISTICS
==============
Job ID: 3086818
Cluster: snellius
User/Group: twest/twest
State: RUNNING
Nodes: 16
Cores per node: 128
CPU Utilized: 2-13:58:48
CPU Efficiency: 21.53% of 11-23:51:28 core-walltime
Job Wall-clock time: 00:08:26
Memory Utilized: 2.61 TB (estimated maximum)
Memory Efficiency: 74.61% of 3.50 TB (1.75 GB/core)
WARNING: Efficiency statistics may be misleading for RUNNING jobs.
