+ export GASNET_BACKTRACE=1
+ GASNET_BACKTRACE=1
+ export 'GASNET_PHYSMEM_MAX=167 GB'
+ GASNET_PHYSMEM_MAX='167 GB'
+ numLocales=32
+ remoteBufferSize=10000
+ cacheNumberBits=26
+ numConsumerTasks=24
+ for chainLength in 36 40 42 44 46
+ srun --mpi=pmix -N 32 -n 32 singularity exec ../benchmark-block-hashed.sif BenchmarkBlockHashed --numLocales 32 --kHamiltonian data/heisenberg_chain_36_symm.yaml --kDisplayTimings=true
WARNING: passwd file doesn't exist in container, not updating
WARNING: group file doesn't exist in container, not updating
WARNING: passwd file doesn't exist in container, not updating
WARNING: group file doesn't exist in container, not updating
WARNING: passwd file doesn't exist in container, not updating
WARNING: group file doesn't exist in container, not updating
WARNING: passwd file doesn't exist in container, not updating
WARNING: group file doesn't exist in container, not updating
WARNING: passwd file doesn't exist in container, not updating
WARNING: group file doesn't exist in container, not updating
WARNING: passwd file doesn't exist in container, not updating
WARNING: group file doesn't exist in container, not updating
WARNING: passwd file doesn't exist in container, not updating
WARNING: group file doesn't exist in container, not updating
WARNING: passwd file doesn't exist in container, not updating
WARNING: group file doesn't exist in container, not updating
WARNING: passwd file doesn't exist in container, not updating
WARNING: group file doesn't exist in container, not updating
WARNING: passwd file doesn't exist in container, not updating
WARNING: group file doesn't exist in container, not updating
WARNING: passwd file doesn't exist in container, not updating
WARNING: group file doesn't exist in container, not updating
WARNING: passwd file doesn't exist in container, not updating
WARNING: group file doesn't exist in container, not updating
WARNING: passwd file doesn't exist in container, not updating
WARNING: group file doesn't exist in container, not updating
WARNING: passwd file doesn't exist in container, not updating
WARNING: group file doesn't exist in container, not updating
WARNING: passwd file doesn't exist in container, not updating
WARNING: passwd file doesn't exist in container, not updating
WARNING: group file doesn't exist in container, not updating
WARNING: passwd file doesn't exist in container, not updating
WARNING: group file doesn't exist in container, not updating
WARNING: passwd file doesn't exist in container, not updating
WARNING: passwd file doesn't exist in container, not updating
WARNING: group file doesn't exist in container, not updating
WARNING: passwd file doesn't exist in container, not updating
WARNING: group file doesn't exist in container, not updating
WARNING: passwd file doesn't exist in container, not updating
WARNING: group file doesn't exist in container, not updating
WARNING: passwd file doesn't exist in container, not updating
WARNING: group file doesn't exist in container, not updating
WARNING: passwd file doesn't exist in container, not updating
WARNING: group file doesn't exist in container, not updating
WARNING: passwd file doesn't exist in container, not updating
WARNING: group file doesn't exist in container, not updating
WARNING: passwd file doesn't exist in container, not updating
WARNING: group file doesn't exist in container, not updating
WARNING: passwd file doesn't exist in container, not updating
WARNING: group file doesn't exist in container, not updating
WARNING: passwd file doesn't exist in container, not updating
WARNING: group file doesn't exist in container, not updating
WARNING: passwd file doesn't exist in container, not updating
WARNING: group file doesn't exist in container, not updating
WARNING: passwd file doesn't exist in container, not updating
WARNING: group file doesn't exist in container, not updating
WARNING: passwd file doesn't exist in container, not updating
WARNING: group file doesn't exist in container, not updating
WARNING: group file doesn't exist in container, not updating
WARNING: passwd file doesn't exist in container, not updating
WARNING: group file doesn't exist in container, not updating
WARNING: passwd file doesn't exist in container, not updating
WARNING: group file doesn't exist in container, not updating
WARNING: group file doesn't exist in container, not updating
[tcn4.local.snellius.surf.nl:3736860] PMIX ERROR: ERROR in file gds_ds12_lock_pthread.c at line 168
[tcn194.local.snellius.surf.nl:576820] PMIX ERROR: ERROR in file gds_ds12_lock_pthread.c at line 168
[tcn5.local.snellius.surf.nl:409404] PMIX ERROR: ERROR in file gds_ds12_lock_pthread.c at line 168
[tcn210.local.snellius.surf.nl:1745786] PMIX ERROR: ERROR in file gds_ds12_lock_pthread.c at line 168
[tcn8.local.snellius.surf.nl:1574907] PMIX ERROR: ERROR in file gds_ds12_lock_pthread.c at line 168
[tcn6.local.snellius.surf.nl:1353473] PMIX ERROR: ERROR in file gds_ds12_lock_pthread.c at line 168
[tcn7.local.snellius.surf.nl:2038445] PMIX ERROR: ERROR in file gds_ds12_lock_pthread.c at line 168
[tcn209.local.snellius.surf.nl:1864598] PMIX ERROR: ERROR in file gds_ds12_lock_pthread.c at line 168
[tcn216.local.snellius.surf.nl:2836990] PMIX ERROR: ERROR in file gds_ds12_lock_pthread.c at line 168
[tcn214.local.snellius.surf.nl:3520321] PMIX ERROR: ERROR in file gds_ds12_lock_pthread.c at line 168
[tcn191.local.snellius.surf.nl:362815] PMIX ERROR: ERROR in file gds_ds12_lock_pthread.c at line 168
[tcn186.local.snellius.surf.nl:2378607] PMIX ERROR: ERROR in file gds_ds12_lock_pthread.c at line 168
[tcn204.local.snellius.surf.nl:41483] PMIX ERROR: ERROR in file gds_ds12_lock_pthread.c at line 168
[tcn212.local.snellius.surf.nl:3756557] PMIX ERROR: ERROR in file gds_ds12_lock_pthread.c at line 168
[tcn205.local.snellius.surf.nl:4026862] PMIX ERROR: ERROR in file gds_ds12_lock_pthread.c at line 168
[tcn208.local.snellius.surf.nl:337105] PMIX ERROR: ERROR in file gds_ds12_lock_pthread.c at line 168
[tcn188.local.snellius.surf.nl:1849195] PMIX ERROR: ERROR in file gds_ds12_lock_pthread.c at line 168
[tcn185.local.snellius.surf.nl:4053633] PMIX ERROR: ERROR in file gds_ds12_lock_pthread.c at line 168
[tcn9.local.snellius.surf.nl:1550403] PMIX ERROR: ERROR in file gds_ds12_lock_pthread.c at line 168
[tcn187.local.snellius.surf.nl:2766766] PMIX ERROR: ERROR in file gds_ds12_lock_pthread.c at line 168
[tcn189.local.snellius.surf.nl:3183077] PMIX ERROR: ERROR in file gds_ds12_lock_pthread.c at line 168
[tcn215.local.snellius.surf.nl:179323] PMIX ERROR: ERROR in file gds_ds12_lock_pthread.c at line 168
[tcn10.local.snellius.surf.nl:1985349] PMIX ERROR: ERROR in file gds_ds12_lock_pthread.c at line 168
[tcn199.local.snellius.surf.nl:3254331] PMIX ERROR: ERROR in file gds_ds12_lock_pthread.c at line 168
[tcn206.local.snellius.surf.nl:1711670] PMIX ERROR: ERROR in file gds_ds12_lock_pthread.c at line 168
[tcn198.local.snellius.surf.nl:2009584] PMIX ERROR: ERROR in file gds_ds12_lock_pthread.c at line 168
[tcn195.local.snellius.surf.nl:2432177] PMIX ERROR: ERROR in file gds_ds12_lock_pthread.c at line 168
[tcn196.local.snellius.surf.nl:1194233] PMIX ERROR: ERROR in file gds_ds12_lock_pthread.c at line 168
[tcn202.local.snellius.surf.nl:2122366] PMIX ERROR: ERROR in file gds_ds12_lock_pthread.c at line 168
[tcn211.local.snellius.surf.nl:4053354] PMIX ERROR: ERROR in file gds_ds12_lock_pthread.c at line 168
[tcn197.local.snellius.surf.nl:513285] PMIX ERROR: ERROR in file gds_ds12_lock_pthread.c at line 168
[tcn207.local.snellius.surf.nl:3827488] PMIX ERROR: ERROR in file gds_ds12_lock_pthread.c at line 168
[Debug]   [LOCALE0]   determineEnumerationRanges(262143..34359607296) took 3.68658
[Debug]   [LOCALE0]   _enumStatesComputeCounts: 0.168942
  ├─ 21.377 in _enumerateStates
  ├─ 0.048488 in _enumStatesComputeMasksAndCounts
  └─ 0.001686 in PUT
     (parallel speedup: 126.832)
[Debug]   [LOCALE9]   _enumStatesComputeCounts: 0.207507
  ├─ 21.5315 in _enumerateStates
  ├─ 0.048813 in _enumStatesComputeMasksAndCounts
  └─ 0.002497 in PUT
     (parallel speedup: 104.01)
[Debug]   [LOCALE7]   _enumStatesComputeCounts: 0.207901
  ├─ 21.5478 in _enumerateStates
  ├─ 0.048549 in _enumStatesComputeMasksAndCounts
  └─ 0.002125 in PUT
     (parallel speedup: 103.888)
[Debug]   [LOCALE20]   _enumStatesComputeCounts: 0.208368
  ├─ 21.5549 in _enumerateStates
  ├─ 0.047562 in _enumStatesComputeMasksAndCounts
  └─ 0.002412 in PUT
     (parallel speedup: 103.686)
[Debug]   [LOCALE2]   _enumStatesComputeCounts: 0.208163
  ├─ 21.4699 in _enumerateStates
  ├─ 0.047833 in _enumStatesComputeMasksAndCounts
  └─ 0.002584 in PUT
     (parallel speedup: 103.382)
[Debug]   [LOCALE10]   _enumStatesComputeCounts: 0.208531
  ├─ 21.5132 in _enumerateStates
  ├─ 0.046904 in _enumStatesComputeMasksAndCounts
  └─ 0.0027 in PUT
     (parallel speedup: 103.404)
[Debug]   [LOCALE18]   _enumStatesComputeCounts: 0.208661
  ├─ 21.7817 in _enumerateStates
  ├─ 0.048576 in _enumStatesComputeMasksAndCounts
  └─ 0.002377 in PUT
     (parallel speedup: 104.632)
[Debug]   [LOCALE1]   _enumStatesComputeCounts: 0.209631
  ├─ 21.6656 in _enumerateStates
  ├─ 0.047804 in _enumStatesComputeMasksAndCounts
  └─ 0.002508 in PUT
     (parallel speedup: 103.591)
[Debug]   [LOCALE3]   _enumStatesComputeCounts: 0.208885
  ├─ 21.5981 in _enumerateStates
  ├─ 0.047941 in _enumStatesComputeMasksAndCounts
  └─ 0.002066 in PUT
     (parallel speedup: 103.637)
[Debug]   [LOCALE4]   _enumStatesComputeCounts: 0.209649
  ├─ 21.7076 in _enumerateStates
  ├─ 0.048244 in _enumStatesComputeMasksAndCounts
  └─ 0.002416 in PUT
     (parallel speedup: 103.784)
[Debug]   [LOCALE13]   _enumStatesComputeCounts: 0.209722
  ├─ 21.6629 in _enumerateStates
  ├─ 0.046948 in _enumStatesComputeMasksAndCounts
  └─ 0.0028 in PUT
     (parallel speedup: 103.531)
[Debug]   [LOCALE15]   _enumStatesComputeCounts: 0.209222
  ├─ 21.5958 in _enumerateStates
  ├─ 0.047751 in _enumStatesComputeMasksAndCounts
  └─ 0.002201 in PUT
     (parallel speedup: 103.459)
[Debug]   [LOCALE21]   _enumStatesComputeCounts: 0.209178
  ├─ 21.6905 in _enumerateStates
  ├─ 0.047476 in _enumStatesComputeMasksAndCounts
  └─ 0.002461 in PUT
     (parallel speedup: 103.933)
[Debug]   [LOCALE31]   _enumStatesComputeCounts: 0.209836
  ├─ 21.711 in _enumerateStates
  ├─ 0.047888 in _enumStatesComputeMasksAndCounts
  └─ 0.00212 in PUT
     (parallel speedup: 103.705)
[Debug]   [LOCALE30]   _enumStatesComputeCounts: 0.210782
  ├─ 21.8547 in _enumerateStates
  ├─ 0.048409 in _enumStatesComputeMasksAndCounts
  └─ 0.002462 in PUT
     (parallel speedup: 103.925)
[Debug]   [LOCALE11]   _enumStatesComputeCounts: 0.209337
  ├─ 21.6003 in _enumerateStates
  ├─ 0.045874 in _enumStatesComputeMasksAndCounts
  └─ 0.002158 in PUT
     (parallel speedup: 103.414)
[Debug]   [LOCALE25]   _enumStatesComputeCounts: 0.209705
  ├─ 21.7112 in _enumerateStates
  ├─ 0.05004 in _enumStatesComputeMasksAndCounts
  └─ 0.002381 in PUT
     (parallel speedup: 103.782)
[Debug]   [LOCALE26]   _enumStatesComputeCounts: 0.212951
  ├─ 22.0605 in _enumerateStates
  ├─ 0.05025 in _enumStatesComputeMasksAndCounts
  └─ 0.002662 in PUT
     (parallel speedup: 103.843)
[Debug]   [LOCALE12]   _enumStatesComputeCounts: 0.209264
  ├─ 21.6613 in _enumerateStates
  ├─ 0.046817 in _enumStatesComputeMasksAndCounts
  └─ 0.002648 in PUT
     (parallel speedup: 103.748)
[Debug]   [LOCALE27]   _enumStatesComputeCounts: 0.20918
  ├─ 21.611 in _enumerateStates
  ├─ 0.049011 in _enumStatesComputeMasksAndCounts
  └─ 0.002316 in PUT
     (parallel speedup: 103.558)
[Debug]   [LOCALE6]   _enumStatesComputeCounts: 0.209934
  ├─ 21.714 in _enumerateStates
  ├─ 0.048771 in _enumStatesComputeMasksAndCounts
  └─ 0.00263 in PUT
     (parallel speedup: 103.677)
[Debug]   [LOCALE16]   _enumStatesComputeCounts: 0.208164
  ├─ 21.7854 in _enumerateStates
  ├─ 0.048936 in _enumStatesComputeMasksAndCounts
  └─ 0.002423 in PUT
     (parallel speedup: 104.902)
[Debug]   [LOCALE8]   _enumStatesComputeCounts: 0.209244
  ├─ 21.6001 in _enumerateStates
  ├─ 0.046869 in _enumStatesComputeMasksAndCounts
  └─ 0.002397 in PUT
     (parallel speedup: 103.465)
[Debug]   [LOCALE19]   _enumStatesComputeCounts: 0.208923
  ├─ 21.5592 in _enumerateStates
  ├─ 0.049614 in _enumStatesComputeMasksAndCounts
  └─ 0.001968 in PUT
     (parallel speedup: 103.439)
[Debug]   [LOCALE28]   _enumStatesComputeCounts: 0.209148
  ├─ 21.6173 in _enumerateStates
  ├─ 0.048999 in _enumStatesComputeMasksAndCounts
  └─ 0.002477 in PUT
     (parallel speedup: 103.605)
[Debug]   [LOCALE24]   _enumStatesComputeCounts: 0.215763
  ├─ 22.5016 in _enumerateStates
  ├─ 0.04798 in _enumStatesComputeMasksAndCounts
  └─ 0.002565 in PUT
     (parallel speedup: 104.523)
[Debug]   [LOCALE5]   _enumStatesComputeCounts: 0.217447
  ├─ 22.6725 in _enumerateStates
  ├─ 0.047867 in _enumStatesComputeMasksAndCounts
  └─ 0.002389 in PUT
     (parallel speedup: 104.498)
[Debug]   [LOCALE23]   _enumStatesComputeCounts: 0.260503
  ├─ 28.0939 in _enumerateStates
  ├─ 0.04742 in _enumStatesComputeMasksAndCounts
  └─ 0.002393 in PUT
     (parallel speedup: 108.036)
[Debug]   [LOCALE22]   _enumStatesComputeCounts: 0.371475
  ├─ 41.4347 in _enumerateStates
  ├─ 0.173909 in _enumStatesComputeMasksAndCounts
  └─ 0.00279 in PUT
     (parallel speedup: 112.017)
[Debug]   [LOCALE29]   _enumStatesComputeCounts: 0.629017
  ├─ 75.4621 in _enumerateStates
  ├─ 0.051854 in _enumStatesComputeMasksAndCounts
  └─ 0.003284 in PUT
     (parallel speedup: 120.056)
[Debug]   [LOCALE14]   _enumStatesComputeCounts: 0.783587
  ├─ 93.6691 in _enumerateStates
  ├─ 0.058671 in _enumStatesComputeMasksAndCounts
  └─ 0.002685 in PUT
     (parallel speedup: 119.617)
[Debug]   [LOCALE17]   _enumStatesComputeCounts: 1.11949
  ├─ 136.339 in _enumerateStates
  ├─ 0.048295 in _enumStatesComputeMasksAndCounts
  └─ 0.002709 in PUT
     (parallel speedup: 121.832)
[Debug]   [LOCALE0]   enumerateStates: 1.80157
  ├─ 1.12294 in _enumStatesComputeCounts
  ├─ 0.011792 in _enumStatesMakeBuckets
  ├─ 0.044095 in allocation
  ├─ 0.033528 in _enumStatesMakeMasks
  ├─ 0.125066 in _enumStatesPrepareDescriptors
  └─ 0.351404 shuffling stuff around
      ├─ 0.432966 0.153986 0.156337 0.1612 0.158656 0.156028 0.151731 0.15344 0.152592 0.15237 0.143407 0.145668 0.138234 0.154742 0.15656 0.165351 0.164945 0.165917 0.174455 0.152543 0.168991 0.150733 0.152891 0.134336 0.153176 0.156188 0.161778 0.155272 0.15003 0.15111 0.156969 0.145562 copying states
      └─ 0.044159 0.073275 0.065355 0.020314 0.025067 0.060024 0.056721 0.083052 0.02224 0.022462 0.132576 0.020448 0.116156 0.020269 0.064931 0.020544 0.024729 0.057044 0.02486 0.055815 0.055399 0.094859 0.045667 0.077225 0.057143 0.054571 0.071134 0.021481 0.118896 0.066112 0.020894 0.081847 copying masks
[Debug]   [LOCALE0]   arrFromHashedToBlock: 0.091633
  ├─ counts: 0.008411
  └─ distribute: 0.034022

[Debug]   [LOCALE0]   arrFromBlockToHashed: 0.137439
  ├─ counts: 0.037662
  ├─ makeDestArr: 0.038065
  └─ distribute: 0.061711
     └─ permute (mean over locales, sum over tasks): 1.71597

+ for chainLength in 36 40 42 44 46
+ srun --mpi=pmix -N 32 -n 32 singularity exec ../benchmark-block-hashed.sif BenchmarkBlockHashed --numLocales 32 --kHamiltonian data/heisenberg_chain_40_symm.yaml --kDisplayTimings=true
WARNING: passwd file doesn't exist in container, not updating
WARNING: group file doesn't exist in container, not updating
WARNING: passwd file doesn't exist in container, not updating
WARNING: passwd file doesn't exist in container, not updating
WARNING: group file doesn't exist in container, not updating
WARNING: passwd file doesn't exist in container, not updating
WARNING: group file doesn't exist in container, not updating
WARNING: passwd file doesn't exist in container, not updating
WARNING: group file doesn't exist in container, not updating
WARNING: passwd file doesn't exist in container, not updating
WARNING: group file doesn't exist in container, not updating
WARNING: passwd file doesn't exist in container, not updating
WARNING: group file doesn't exist in container, not updating
WARNING: passwd file doesn't exist in container, not updating
WARNING: passwd file doesn't exist in container, not updating
WARNING: group file doesn't exist in container, not updating
WARNING: passwd file doesn't exist in container, not updating
WARNING: group file doesn't exist in container, not updating
WARNING: passwd file doesn't exist in container, not updating
WARNING: group file doesn't exist in container, not updating
WARNING: passwd file doesn't exist in container, not updating
WARNING: passwd file doesn't exist in container, not updating
WARNING: group file doesn't exist in container, not updating
WARNING: passwd file doesn't exist in container, not updating
WARNING: group file doesn't exist in container, not updating
WARNING: passwd file doesn't exist in container, not updating
WARNING: group file doesn't exist in container, not updating
WARNING: passwd file doesn't exist in container, not updating
WARNING: group file doesn't exist in container, not updating
WARNING: passwd file doesn't exist in container, not updating
WARNING: group file doesn't exist in container, not updating
WARNING: passwd file doesn't exist in container, not updating
WARNING: group file doesn't exist in container, not updating
WARNING: passwd file doesn't exist in container, not updating
WARNING: group file doesn't exist in container, not updating
WARNING: passwd file doesn't exist in container, not updating
WARNING: passwd file doesn't exist in container, not updating
WARNING: passwd file doesn't exist in container, not updating
WARNING: group file doesn't exist in container, not updating
WARNING: passwd file doesn't exist in container, not updating
WARNING: group file doesn't exist in container, not updating
WARNING: passwd file doesn't exist in container, not updating
WARNING: group file doesn't exist in container, not updating
WARNING: passwd file doesn't exist in container, not updating
WARNING: passwd file doesn't exist in container, not updating
WARNING: group file doesn't exist in container, not updating
WARNING: passwd file doesn't exist in container, not updating
WARNING: group file doesn't exist in container, not updating
WARNING: passwd file doesn't exist in container, not updating
WARNING: group file doesn't exist in container, not updating
WARNING: passwd file doesn't exist in container, not updating
WARNING: group file doesn't exist in container, not updating
WARNING: passwd file doesn't exist in container, not updating
WARNING: group file doesn't exist in container, not updating
WARNING: passwd file doesn't exist in container, not updating
WARNING: group file doesn't exist in container, not updating
WARNING: passwd file doesn't exist in container, not updating
WARNING: group file doesn't exist in container, not updating
WARNING: group file doesn't exist in container, not updating
WARNING: group file doesn't exist in container, not updating
WARNING: group file doesn't exist in container, not updating
WARNING: group file doesn't exist in container, not updating
WARNING: group file doesn't exist in container, not updating
WARNING: group file doesn't exist in container, not updating
[tcn6.local.snellius.surf.nl:1353836] PMIX ERROR: ERROR in file gds_ds12_lock_pthread.c at line 168
[tcn9.local.snellius.surf.nl:1550770] PMIX ERROR: ERROR in file gds_ds12_lock_pthread.c at line 168
[tcn204.local.snellius.surf.nl:41847] PMIX ERROR: ERROR in file gds_ds12_lock_pthread.c at line 168
[tcn188.local.snellius.surf.nl:1849556] PMIX ERROR: ERROR in file gds_ds12_lock_pthread.c at line 168
[tcn212.local.snellius.surf.nl:3757019] PMIX ERROR: ERROR in file gds_ds12_lock_pthread.c at line 168
[tcn205.local.snellius.surf.nl:4027223] PMIX ERROR: ERROR in file gds_ds12_lock_pthread.c at line 168
[tcn199.local.snellius.surf.nl:3254686] PMIX ERROR: ERROR in file gds_ds12_lock_pthread.c at line 168
[tcn208.local.snellius.surf.nl:337476] PMIX ERROR: ERROR in file gds_ds12_lock_pthread.c at line 168
[tcn10.local.snellius.surf.nl:1985702] PMIX ERROR: ERROR in file gds_ds12_lock_pthread.c at line 168
[tcn210.local.snellius.surf.nl:1746236] PMIX ERROR: ERROR in file gds_ds12_lock_pthread.c at line 168
[tcn7.local.snellius.surf.nl:2038916] PMIX ERROR: ERROR in file gds_ds12_lock_pthread.c at line 168
[tcn197.local.snellius.surf.nl:513807] PMIX ERROR: ERROR in file gds_ds12_lock_pthread.c at line 168
[tcn196.local.snellius.surf.nl:1194699] PMIX ERROR: ERROR in file gds_ds12_lock_pthread.c at line 168
[tcn202.local.snellius.surf.nl:2122725] PMIX ERROR: ERROR in file gds_ds12_lock_pthread.c at line 168
[tcn194.local.snellius.surf.nl:577257] PMIX ERROR: ERROR in file gds_ds12_lock_pthread.c at line 168
[tcn189.local.snellius.surf.nl:3183525] PMIX ERROR: ERROR in file gds_ds12_lock_pthread.c at line 168
[tcn209.local.snellius.surf.nl:1864974] PMIX ERROR: ERROR in file gds_ds12_lock_pthread.c at line 168
[tcn214.local.snellius.surf.nl:3520700] PMIX ERROR: ERROR in file gds_ds12_lock_pthread.c at line 168
[tcn5.local.snellius.surf.nl:409912] PMIX ERROR: ERROR in file gds_ds12_lock_pthread.c at line 168
[tcn207.local.snellius.surf.nl:3829155] PMIX ERROR: ERROR in file gds_ds12_lock_pthread.c at line 168
[tcn187.local.snellius.surf.nl:2767572] PMIX ERROR: ERROR in file gds_ds12_lock_pthread.c at line 168
[tcn211.local.snellius.surf.nl:4053820] PMIX ERROR: ERROR in file gds_ds12_lock_pthread.c at line 168
[tcn186.local.snellius.surf.nl:2378965] PMIX ERROR: ERROR in file gds_ds12_lock_pthread.c at line 168
[tcn216.local.snellius.surf.nl:2837453] PMIX ERROR: ERROR in file gds_ds12_lock_pthread.c at line 168
[tcn4.local.snellius.surf.nl:3737409] PMIX ERROR: ERROR in file gds_ds12_lock_pthread.c at line 168
[tcn191.local.snellius.surf.nl:363267] PMIX ERROR: ERROR in file gds_ds12_lock_pthread.c at line 168
[tcn185.local.snellius.surf.nl:4054088] PMIX ERROR: ERROR in file gds_ds12_lock_pthread.c at line 168
[tcn206.local.snellius.surf.nl:1712475] PMIX ERROR: ERROR in file gds_ds12_lock_pthread.c at line 168
[tcn195.local.snellius.surf.nl:2433801] PMIX ERROR: ERROR in file gds_ds12_lock_pthread.c at line 168
[tcn215.local.snellius.surf.nl:179778] PMIX ERROR: ERROR in file gds_ds12_lock_pthread.c at line 168
[tcn8.local.snellius.surf.nl:1575268] PMIX ERROR: ERROR in file gds_ds12_lock_pthread.c at line 168
[tcn198.local.snellius.surf.nl:2012241] PMIX ERROR: ERROR in file gds_ds12_lock_pthread.c at line 168
[Debug]   [LOCALE0]   determineEnumerationRanges(1048575..549755289600) took 4.34147
[Debug]   [LOCALE0]   _enumStatesComputeCounts: 2.49272
  ├─ 316.842 in _enumerateStates
  ├─ 0.55424 in _enumStatesComputeMasksAndCounts
  └─ 0.002317 in PUT
     (parallel speedup: 127.331)
[Debug]   [LOCALE21]   _enumStatesComputeCounts: 2.52157
  ├─ 314.771 in _enumerateStates
  ├─ 0.541495 in _enumStatesComputeMasksAndCounts
  └─ 0.002844 in PUT
     (parallel speedup: 125.048)
[Debug]   [LOCALE10]   _enumStatesComputeCounts: 2.52334
  ├─ 315.166 in _enumerateStates
  ├─ 0.524127 in _enumStatesComputeMasksAndCounts
  └─ 0.002988 in PUT
     (parallel speedup: 125.109)
[Debug]   [LOCALE2]   _enumStatesComputeCounts: 2.52874
  ├─ 315.739 in _enumerateStates
  ├─ 0.559553 in _enumStatesComputeMasksAndCounts
  └─ 0.002934 in PUT
     (parallel speedup: 125.083)
[Debug]   [LOCALE27]   _enumStatesComputeCounts: 2.53009
  ├─ 315.676 in _enumerateStates
  ├─ 0.541479 in _enumStatesComputeMasksAndCounts
  └─ 0.002481 in PUT
     (parallel speedup: 124.984)
[Debug]   [LOCALE18]   _enumStatesComputeCounts: 2.53152
  ├─ 316.208 in _enumerateStates
  ├─ 0.561695 in _enumStatesComputeMasksAndCounts
  └─ 0.002923 in PUT
     (parallel speedup: 125.131)
[Debug]   [LOCALE23]   _enumStatesComputeCounts: 2.53278
  ├─ 316.349 in _enumerateStates
  ├─ 0.553379 in _enumStatesComputeMasksAndCounts
  └─ 0.002537 in PUT
     (parallel speedup: 125.121)
[Debug]   [LOCALE25]   _enumStatesComputeCounts: 2.53291
  ├─ 316.293 in _enumerateStates
  ├─ 0.554129 in _enumStatesComputeMasksAndCounts
  └─ 0.002724 in PUT
     (parallel speedup: 125.093)
[Debug]   [LOCALE15]   _enumStatesComputeCounts: 2.53409
  ├─ 316.493 in _enumerateStates
  ├─ 0.551794 in _enumStatesComputeMasksAndCounts
  └─ 0.002533 in PUT
     (parallel speedup: 125.113)
[Debug]   [LOCALE28]   _enumStatesComputeCounts: 2.53438
  ├─ 316.23 in _enumerateStates
  ├─ 0.558998 in _enumStatesComputeMasksAndCounts
  └─ 0.003418 in PUT
     (parallel speedup: 124.998)
[Debug]   [LOCALE12]   _enumStatesComputeCounts: 2.53483
  ├─ 316.462 in _enumerateStates
  ├─ 0.559333 in _enumStatesComputeMasksAndCounts
  └─ 0.002889 in PUT
     (parallel speedup: 125.067)
[Debug]   [LOCALE8]   _enumStatesComputeCounts: 2.53588
  ├─ 316.814 in _enumerateStates
  ├─ 0.563268 in _enumStatesComputeMasksAndCounts
  └─ 0.003128 in PUT
     (parallel speedup: 125.156)
[Debug]   [LOCALE24]   _enumStatesComputeCounts: 2.53738
  ├─ 317.038 in _enumerateStates
  ├─ 0.568348 in _enumStatesComputeMasksAndCounts
  └─ 0.003031 in PUT
     (parallel speedup: 125.172)
[Debug]   [LOCALE5]   _enumStatesComputeCounts: 2.53712
  ├─ 316.519 in _enumerateStates
  ├─ 0.566156 in _enumStatesComputeMasksAndCounts
  └─ 0.002901 in PUT
     (parallel speedup: 124.98)
[Debug]   [LOCALE26]   _enumStatesComputeCounts: 2.5404
  ├─ 317.207 in _enumerateStates
  ├─ 0.540126 in _enumStatesComputeMasksAndCounts
  └─ 0.00286 in PUT
     (parallel speedup: 125.079)
[Debug]   [LOCALE16]   _enumStatesComputeCounts: 2.54138
  ├─ 317.792 in _enumerateStates
  ├─ 0.542674 in _enumStatesComputeMasksAndCounts
  └─ 0.002976 in PUT
     (parallel speedup: 125.262)
[Debug]   [LOCALE1]   _enumStatesComputeCounts: 2.54356
  ├─ 317.557 in _enumerateStates
  ├─ 0.55283 in _enumStatesComputeMasksAndCounts
  └─ 0.00287 in PUT
     (parallel speedup: 125.066)
[Debug]   [LOCALE3]   _enumStatesComputeCounts: 2.54376
  ├─ 317.802 in _enumerateStates
  ├─ 0.567197 in _enumStatesComputeMasksAndCounts
  └─ 0.0026 in PUT
     (parallel speedup: 125.158)
[Debug]   [LOCALE20]   _enumStatesComputeCounts: 2.54401
  ├─ 317.545 in _enumerateStates
  ├─ 0.552202 in _enumStatesComputeMasksAndCounts
  └─ 0.00269 in PUT
     (parallel speedup: 125.039)
[Debug]   [LOCALE17]   _enumStatesComputeCounts: 2.54376
  ├─ 317.83 in _enumerateStates
  ├─ 0.553697 in _enumStatesComputeMasksAndCounts
  └─ 0.00311 in PUT
     (parallel speedup: 125.164)
[Debug]   [LOCALE19]   _enumStatesComputeCounts: 2.54673
  ├─ 318.015 in _enumerateStates
  ├─ 0.55983 in _enumStatesComputeMasksAndCounts
  └─ 0.002738 in PUT
     (parallel speedup: 125.092)
[Debug]   [LOCALE7]   _enumStatesComputeCounts: 2.54718
  ├─ 318.083 in _enumerateStates
  ├─ 0.560075 in _enumStatesComputeMasksAndCounts
  └─ 0.002516 in PUT
     (parallel speedup: 125.098)
[Debug]   [LOCALE6]   _enumStatesComputeCounts: 2.54887
  ├─ 318.278 in _enumerateStates
  ├─ 0.572421 in _enumStatesComputeMasksAndCounts
  └─ 0.003122 in PUT
     (parallel speedup: 125.096)
[Debug]   [LOCALE29]   _enumStatesComputeCounts: 2.54921
  ├─ 318.3 in _enumerateStates
  ├─ 0.561351 in _enumStatesComputeMasksAndCounts
  └─ 0.003146 in PUT
     (parallel speedup: 125.084)
[Debug]   [LOCALE14]   _enumStatesComputeCounts: 2.55222
  ├─ 319.042 in _enumerateStates
  ├─ 0.554591 in _enumStatesComputeMasksAndCounts
  └─ 0.003376 in PUT
     (parallel speedup: 125.224)
[Debug]   [LOCALE31]   _enumStatesComputeCounts: 2.55332
  ├─ 317.51 in _enumerateStates
  ├─ 0.562037 in _enumStatesComputeMasksAndCounts
  └─ 0.002776 in PUT
     (parallel speedup: 124.573)
[Debug]   [LOCALE9]   _enumStatesComputeCounts: 2.55417
  ├─ 318.977 in _enumerateStates
  ├─ 0.550577 in _enumStatesComputeMasksAndCounts
  └─ 0.003537 in PUT
     (parallel speedup: 125.102)
[Debug]   [LOCALE11]   _enumStatesComputeCounts: 2.55582
  ├─ 318.771 in _enumerateStates
  ├─ 0.560755 in _enumStatesComputeMasksAndCounts
  └─ 0.002945 in PUT
     (parallel speedup: 124.944)
[Debug]   [LOCALE30]   _enumStatesComputeCounts: 2.55837
  ├─ 319.387 in _enumerateStates
  ├─ 0.576575 in _enumStatesComputeMasksAndCounts
  └─ 0.002921 in PUT
     (parallel speedup: 125.066)
[Debug]   [LOCALE4]   _enumStatesComputeCounts: 2.567
  ├─ 320.841 in _enumerateStates
  ├─ 0.572 in _enumStatesComputeMasksAndCounts
  └─ 0.003103 in PUT
     (parallel speedup: 125.211)
[Debug]   [LOCALE22]   _enumStatesComputeCounts: 2.56958
  ├─ 322.56 in _enumerateStates
  ├─ 0.563041 in _enumStatesComputeMasksAndCounts
  └─ 0.003604 in PUT
     (parallel speedup: 125.751)
[Debug]   [LOCALE13]   _enumStatesComputeCounts: 2.62568
  ├─ 327.641 in _enumerateStates
  ├─ 0.562147 in _enumStatesComputeMasksAndCounts
  └─ 0.003217 in PUT
     (parallel speedup: 124.998)
[Debug]   [LOCALE0]   enumerateStates: 3.35197
  ├─ 2.62924 in _enumStatesComputeCounts
  ├─ 0.041817 in _enumStatesMakeBuckets
  ├─ 0.0257 in allocation
  ├─ 0.0119 in _enumStatesMakeMasks
  ├─ 0.125163 in _enumStatesPrepareDescriptors
  └─ 0.397939 shuffling stuff around
      ├─ 1.92215 0.344058 0.356895 0.372516 0.354975 0.352177 0.336826 0.367683 0.340172 0.337928 0.335705 0.334585 0.338748 0.34746 0.31548 0.358992 0.319905 0.326454 0.350633 0.347547 0.325228 0.350343 0.356055 0.353369 0.346682 0.352545 0.327961 0.359002 0.347684 0.337146 0.362478 0.34072 copying states
      └─ 0.422855 0.167722 0.073087 0.019279 0.020082 0.120335 0.055693 0.019357 0.017465 0.076037 0.119386 0.079914 0.057467 0.100241 0.139447 0.017482 0.081139 0.107455 0.017715 0.084416 0.182686 0.01665 0.01882 0.045527 0.017964 0.019891 0.077781 0.017028 0.071303 0.118891 0.018066 0.075917 copying masks
[Debug]   [LOCALE0]   arrFromHashedToBlock: 0.103322
  ├─ counts: 0.017655
  └─ distribute: 0.039563

[Debug]   [LOCALE0]   arrFromBlockToHashed: 0.137323
  ├─ counts: 0.037048
  ├─ makeDestArr: 0.039955
  └─ distribute: 0.06032
     └─ permute (mean over locales, sum over tasks): 2.77419

+ for chainLength in 36 40 42 44 46
+ srun --mpi=pmix -N 32 -n 32 singularity exec ../benchmark-block-hashed.sif BenchmarkBlockHashed --numLocales 32 --kHamiltonian data/heisenberg_chain_42_symm.yaml --kDisplayTimings=true
WARNING: passwd file doesn't exist in container, not updating
WARNING: group file doesn't exist in container, not updating
WARNING: passwd file doesn't exist in container, not updating
WARNING: group file doesn't exist in container, not updating
WARNING: passwd file doesn't exist in container, not updating
WARNING: group file doesn't exist in container, not updating
WARNING: passwd file doesn't exist in container, not updating
WARNING: group file doesn't exist in container, not updating
WARNING: passwd file doesn't exist in container, not updating
WARNING: group file doesn't exist in container, not updating
WARNING: passwd file doesn't exist in container, not updating
WARNING: group file doesn't exist in container, not updating
WARNING: passwd file doesn't exist in container, not updating
WARNING: group file doesn't exist in container, not updating
WARNING: passwd file doesn't exist in container, not updating
WARNING: group file doesn't exist in container, not updating
WARNING: passwd file doesn't exist in container, not updating
WARNING: group file doesn't exist in container, not updating
WARNING: passwd file doesn't exist in container, not updating
WARNING: passwd file doesn't exist in container, not updating
WARNING: group file doesn't exist in container, not updating
WARNING: passwd file doesn't exist in container, not updating
WARNING: group file doesn't exist in container, not updating
WARNING: passwd file doesn't exist in container, not updating
WARNING: group file doesn't exist in container, not updating
WARNING: passwd file doesn't exist in container, not updating
WARNING: group file doesn't exist in container, not updating
WARNING: passwd file doesn't exist in container, not updating
WARNING: group file doesn't exist in container, not updating
WARNING: passwd file doesn't exist in container, not updating
WARNING: group file doesn't exist in container, not updating
WARNING: passwd file doesn't exist in container, not updating
WARNING: group file doesn't exist in container, not updating
WARNING: passwd file doesn't exist in container, not updating
WARNING: group file doesn't exist in container, not updating
WARNING: passwd file doesn't exist in container, not updating
WARNING: group file doesn't exist in container, not updating
WARNING: passwd file doesn't exist in container, not updating
WARNING: group file doesn't exist in container, not updating
WARNING: passwd file doesn't exist in container, not updating
WARNING: group file doesn't exist in container, not updating
WARNING: passwd file doesn't exist in container, not updating
WARNING: group file doesn't exist in container, not updating
WARNING: passwd file doesn't exist in container, not updating
WARNING: group file doesn't exist in container, not updating
WARNING: passwd file doesn't exist in container, not updating
WARNING: passwd file doesn't exist in container, not updating
WARNING: group file doesn't exist in container, not updating
WARNING: passwd file doesn't exist in container, not updating
WARNING: group file doesn't exist in container, not updating
WARNING: passwd file doesn't exist in container, not updating
WARNING: passwd file doesn't exist in container, not updating
WARNING: group file doesn't exist in container, not updating
WARNING: passwd file doesn't exist in container, not updating
WARNING: group file doesn't exist in container, not updating
WARNING: passwd file doesn't exist in container, not updating
WARNING: passwd file doesn't exist in container, not updating
WARNING: group file doesn't exist in container, not updating
WARNING: passwd file doesn't exist in container, not updating
WARNING: group file doesn't exist in container, not updating
WARNING: group file doesn't exist in container, not updating
WARNING: group file doesn't exist in container, not updating
WARNING: group file doesn't exist in container, not updating
WARNING: group file doesn't exist in container, not updating
[tcn6.local.snellius.surf.nl:1354195] PMIX ERROR: ERROR in file gds_ds12_lock_pthread.c at line 168
[tcn211.local.snellius.surf.nl:4054184] PMIX ERROR: ERROR in file gds_ds12_lock_pthread.c at line 168
[tcn216.local.snellius.surf.nl:2837909] PMIX ERROR: ERROR in file gds_ds12_lock_pthread.c at line 168
[tcn189.local.snellius.surf.nl:3183990] PMIX ERROR: ERROR in file gds_ds12_lock_pthread.c at line 168
[tcn205.local.snellius.surf.nl:4027661] PMIX ERROR: ERROR in file gds_ds12_lock_pthread.c at line 168
[tcn210.local.snellius.surf.nl:1746701] PMIX ERROR: ERROR in file gds_ds12_lock_pthread.c at line 168
[tcn199.local.snellius.surf.nl:3255200] PMIX ERROR: ERROR in file gds_ds12_lock_pthread.c at line 168
[tcn185.local.snellius.surf.nl:4054442] PMIX ERROR: ERROR in file gds_ds12_lock_pthread.c at line 168
[tcn204.local.snellius.surf.nl:42203] PMIX ERROR: ERROR in file gds_ds12_lock_pthread.c at line 168
[tcn214.local.snellius.surf.nl:3521162] PMIX ERROR: ERROR in file gds_ds12_lock_pthread.c at line 168
[tcn187.local.snellius.surf.nl:2768043] PMIX ERROR: ERROR in file gds_ds12_lock_pthread.c at line 168
[tcn209.local.snellius.surf.nl:1865419] PMIX ERROR: ERROR in file gds_ds12_lock_pthread.c at line 168
[tcn188.local.snellius.surf.nl:1850076] PMIX ERROR: ERROR in file gds_ds12_lock_pthread.c at line 168
[tcn7.local.snellius.surf.nl:2039282] PMIX ERROR: ERROR in file gds_ds12_lock_pthread.c at line 168
[tcn207.local.snellius.surf.nl:3829590] PMIX ERROR: ERROR in file gds_ds12_lock_pthread.c at line 168
[tcn10.local.snellius.surf.nl:1986176] PMIX ERROR: ERROR in file gds_ds12_lock_pthread.c at line 168
[tcn197.local.snellius.surf.nl:514192] PMIX ERROR: ERROR in file gds_ds12_lock_pthread.c at line 168
[tcn215.local.snellius.surf.nl:180205] PMIX ERROR: ERROR in file gds_ds12_lock_pthread.c at line 168
[tcn8.local.snellius.surf.nl:1576169] PMIX ERROR: ERROR in file gds_ds12_lock_pthread.c at line 168
[tcn191.local.snellius.surf.nl:363616] PMIX ERROR: ERROR in file gds_ds12_lock_pthread.c at line 168
[tcn212.local.snellius.surf.nl:3757384] PMIX ERROR: ERROR in file gds_ds12_lock_pthread.c at line 168
[tcn194.local.snellius.surf.nl:577773] PMIX ERROR: ERROR in file gds_ds12_lock_pthread.c at line 168
[tcn202.local.snellius.surf.nl:2123219] PMIX ERROR: ERROR in file gds_ds12_lock_pthread.c at line 168
[tcn208.local.snellius.surf.nl:337941] PMIX ERROR: ERROR in file gds_ds12_lock_pthread.c at line 168
[tcn196.local.snellius.surf.nl:1195143] PMIX ERROR: ERROR in file gds_ds12_lock_pthread.c at line 168
[tcn5.local.snellius.surf.nl:410418] PMIX ERROR: ERROR in file gds_ds12_lock_pthread.c at line 168
[tcn198.local.snellius.surf.nl:2014327] PMIX ERROR: ERROR in file gds_ds12_lock_pthread.c at line 168
[tcn186.local.snellius.surf.nl:2379430] PMIX ERROR: ERROR in file gds_ds12_lock_pthread.c at line 168
[tcn4.local.snellius.surf.nl:3737849] PMIX ERROR: ERROR in file gds_ds12_lock_pthread.c at line 168
[tcn9.local.snellius.surf.nl:1551135] PMIX ERROR: ERROR in file gds_ds12_lock_pthread.c at line 168
[tcn195.local.snellius.surf.nl:2438251] PMIX ERROR: ERROR in file gds_ds12_lock_pthread.c at line 168
[tcn206.local.snellius.surf.nl:1714735] PMIX ERROR: ERROR in file gds_ds12_lock_pthread.c at line 168
[Debug]   [LOCALE0]   determineEnumerationRanges(2097151..2199022206976) took 4.73816
[Debug]   [LOCALE31]   _enumStatesComputeCounts: 9.8812
  ├─ 1249.17 in _enumerateStates
  ├─ 1.98634 in _enumStatesComputeMasksAndCounts
  └─ 0.003625 in PUT
     (parallel speedup: 126.62)
[Debug]   [LOCALE0]   _enumStatesComputeCounts: 9.89652
  ├─ 1258.25 in _enumerateStates
  ├─ 1.96213 in _enumStatesComputeMasksAndCounts
  └─ 0.002351 in PUT
     (parallel speedup: 127.339)
[Debug]   [LOCALE27]   _enumStatesComputeCounts: 9.90747
  ├─ 1252.83 in _enumerateStates
  ├─ 1.97659 in _enumStatesComputeMasksAndCounts
  └─ 0.003208 in PUT
     (parallel speedup: 126.653)
[Debug]   [LOCALE3]   _enumStatesComputeCounts: 9.90916
  ├─ 1253.7 in _enumerateStates
  ├─ 2.05433 in _enumStatesComputeMasksAndCounts
  └─ 0.003234 in PUT
     (parallel speedup: 126.727)
[Debug]   [LOCALE25]   _enumStatesComputeCounts: 9.91588
  ├─ 1253.49 in _enumerateStates
  ├─ 1.96833 in _enumStatesComputeMasksAndCounts
  └─ 0.004578 in PUT
     (parallel speedup: 126.611)
[Debug]   [LOCALE5]   _enumStatesComputeCounts: 9.91813
  ├─ 1254.96 in _enumerateStates
  ├─ 2.01439 in _enumStatesComputeMasksAndCounts
  └─ 0.003421 in PUT
     (parallel speedup: 126.736)
[Debug]   [LOCALE12]   _enumStatesComputeCounts: 9.91851
  ├─ 1254.77 in _enumerateStates
  ├─ 2.05487 in _enumStatesComputeMasksAndCounts
  └─ 0.003379 in PUT
     (parallel speedup: 126.716)
[Debug]   [LOCALE13]   _enumStatesComputeCounts: 9.92114
  ├─ 1255.15 in _enumerateStates
  ├─ 2.02486 in _enumStatesComputeMasksAndCounts
  └─ 0.003553 in PUT
     (parallel speedup: 126.717)
[Debug]   [LOCALE23]   _enumStatesComputeCounts: 9.92388
  ├─ 1254.37 in _enumerateStates
  ├─ 2.04085 in _enumStatesComputeMasksAndCounts
  └─ 0.003447 in PUT
     (parallel speedup: 126.605)
[Debug]   [LOCALE26]   _enumStatesComputeCounts: 9.92461
  ├─ 1255.23 in _enumerateStates
  ├─ 2.00792 in _enumStatesComputeMasksAndCounts
  └─ 0.003802 in PUT
     (parallel speedup: 126.679)
[Debug]   [LOCALE24]   _enumStatesComputeCounts: 9.9334
  ├─ 1256.38 in _enumerateStates
  ├─ 1.9699 in _enumStatesComputeMasksAndCounts
  └─ 0.003483 in PUT
     (parallel speedup: 126.679)
[Debug]   [LOCALE17]   _enumStatesComputeCounts: 9.93745
  ├─ 1256.77 in _enumerateStates
  ├─ 1.99661 in _enumStatesComputeMasksAndCounts
  └─ 0.00371 in PUT
     (parallel speedup: 126.67)
[Debug]   [LOCALE16]   _enumStatesComputeCounts: 9.94146
  ├─ 1258.56 in _enumerateStates
  ├─ 2.09261 in _enumStatesComputeMasksAndCounts
  └─ 0.003728 in PUT
     (parallel speedup: 126.808)
[Debug]   [LOCALE28]   _enumStatesComputeCounts: 9.94439
  ├─ 1259.38 in _enumerateStates
  ├─ 1.97192 in _enumStatesComputeMasksAndCounts
  └─ 0.003503 in PUT
     (parallel speedup: 126.841)
[Debug]   [LOCALE1]   _enumStatesComputeCounts: 9.94618
  ├─ 1257.85 in _enumerateStates
  ├─ 2.01976 in _enumStatesComputeMasksAndCounts
  └─ 0.003415 in PUT
     (parallel speedup: 126.669)
[Debug]   [LOCALE11]   _enumStatesComputeCounts: 9.9511
  ├─ 1259.45 in _enumerateStates
  ├─ 2.09572 in _enumStatesComputeMasksAndCounts
  └─ 0.00303 in PUT
     (parallel speedup: 126.775)
[Debug]   [LOCALE21]   _enumStatesComputeCounts: 9.95339
  ├─ 1258.95 in _enumerateStates
  ├─ 2.01539 in _enumStatesComputeMasksAndCounts
  └─ 0.00378 in PUT
     (parallel speedup: 126.687)
[Debug]   [LOCALE10]   _enumStatesComputeCounts: 9.96332
  ├─ 1259.9 in _enumerateStates
  ├─ 2.05247 in _enumStatesComputeMasksAndCounts
  └─ 0.003649 in PUT
     (parallel speedup: 126.661)
[Debug]   [LOCALE20]   _enumStatesComputeCounts: 9.96359
  ├─ 1260.67 in _enumerateStates
  ├─ 2.01113 in _enumStatesComputeMasksAndCounts
  └─ 0.003539 in PUT
     (parallel speedup: 126.73)
[Debug]   [LOCALE18]   _enumStatesComputeCounts: 9.96715
  ├─ 1260.6 in _enumerateStates
  ├─ 2.0441 in _enumStatesComputeMasksAndCounts
  └─ 0.003559 in PUT
     (parallel speedup: 126.681)
[Debug]   [LOCALE30]   _enumStatesComputeCounts: 9.96921
  ├─ 1261.64 in _enumerateStates
  ├─ 1.97005 in _enumStatesComputeMasksAndCounts
  └─ 0.003966 in PUT
     (parallel speedup: 126.752)
[Debug]   [LOCALE7]   _enumStatesComputeCounts: 9.97542
  ├─ 1262.17 in _enumerateStates
  ├─ 2.10089 in _enumStatesComputeMasksAndCounts
  └─ 0.003246 in PUT
     (parallel speedup: 126.739)
[Debug]   [LOCALE29]   _enumStatesComputeCounts: 9.97752
  ├─ 1261.57 in _enumerateStates
  ├─ 1.98934 in _enumStatesComputeMasksAndCounts
  └─ 0.003503 in PUT
     (parallel speedup: 126.641)
[Debug]   [LOCALE6]   _enumStatesComputeCounts: 9.98146
  ├─ 1262.2 in _enumerateStates
  ├─ 2.06812 in _enumStatesComputeMasksAndCounts
  └─ 0.003619 in PUT
     (parallel speedup: 126.662)
[Debug]   [LOCALE4]   _enumStatesComputeCounts: 9.98239
  ├─ 1263.19 in _enumerateStates
  ├─ 2.03611 in _enumStatesComputeMasksAndCounts
  └─ 0.003832 in PUT
     (parallel speedup: 126.746)
[Debug]   [LOCALE2]   _enumStatesComputeCounts: 9.992
  ├─ 1263.67 in _enumerateStates
  ├─ 2.05245 in _enumStatesComputeMasksAndCounts
  └─ 0.003509 in PUT
     (parallel speedup: 126.674)
[Debug]   [LOCALE22]   _enumStatesComputeCounts: 9.99648
  ├─ 1264.37 in _enumerateStates
  ├─ 2.01984 in _enumStatesComputeMasksAndCounts
  └─ 0.003686 in PUT
     (parallel speedup: 126.684)
[Debug]   [LOCALE9]   _enumStatesComputeCounts: 9.99738
  ├─ 1264.65 in _enumerateStates
  ├─ 2.09975 in _enumStatesComputeMasksAndCounts
  └─ 0.003458 in PUT
     (parallel speedup: 126.708)
[Debug]   [LOCALE8]   _enumStatesComputeCounts: 10.0065
  ├─ 1265.65 in _enumerateStates
  ├─ 2.16267 in _enumStatesComputeMasksAndCounts
  └─ 0.003595 in PUT
     (parallel speedup: 126.7)
[Debug]   [LOCALE19]   _enumStatesComputeCounts: 10.0082
  ├─ 1266.38 in _enumerateStates
  ├─ 2.06105 in _enumStatesComputeMasksAndCounts
  └─ 0.002917 in PUT
     (parallel speedup: 126.741)
[Debug]   [LOCALE15]   _enumStatesComputeCounts: 10.0242
  ├─ 1267.8 in _enumerateStates
  ├─ 2.1207 in _enumStatesComputeMasksAndCounts
  └─ 0.00344 in PUT
     (parallel speedup: 126.686)
[Debug]   [LOCALE14]   _enumStatesComputeCounts: 10.0303
  ├─ 1267.06 in _enumerateStates
  ├─ 2.10304 in _enumStatesComputeMasksAndCounts
  └─ 0.003599 in PUT
     (parallel speedup: 126.533)
[Debug]   [LOCALE0]   enumerateStates: 10.9768
  ├─ 10.0338 in _enumStatesComputeCounts
  ├─ 0.012803 in _enumStatesMakeBuckets
  ├─ 0.030883 in allocation
  ├─ 0.025615 in _enumStatesMakeMasks
  ├─ 0.125731 in _enumStatesPrepareDescriptors
  └─ 0.63459 shuffling stuff around
      ├─ 4.63101 0.790294 0.782064 0.729158 0.729168 0.754337 0.803132 0.881758 0.892063 0.852485 0.842565 0.827913 0.834096 0.862635 0.826348 0.904977 0.854736 0.790812 0.85 0.86912 0.894368 0.800277 0.812728 0.84497 0.860869 0.874131 0.784799 0.865789 0.799219 0.872331 0.824082 0.840403 copying states
      └─ 0.252923 0.045524 0.202552 0.219245 0.22739 0.193277 0.049701 0.057918 0.205144 0.253393 0.054838 0.237892 0.415336 0.056241 0.439887 0.055551 0.18193 0.20331 0.187202 0.168612 0.058007 0.465329 0.509559 0.351172 0.133816 0.112141 0.206981 0.054521 0.158404 0.055425 0.22915 0.047207 copying masks
[Debug]   [LOCALE0]   arrFromHashedToBlock: 0.141228
  ├─ counts: 0.010868
  └─ distribute: 0.083938

[Debug]   [LOCALE0]   arrFromBlockToHashed: 0.151151
  ├─ counts: 0.022278
  ├─ makeDestArr: 0.033996
  └─ distribute: 0.094876
     └─ permute (mean over locales, sum over tasks): 8.2483

+ for chainLength in 36 40 42 44 46
+ srun --mpi=pmix -N 32 -n 32 singularity exec ../benchmark-block-hashed.sif BenchmarkBlockHashed --numLocales 32 --kHamiltonian data/heisenberg_chain_44_symm.yaml --kDisplayTimings=true
WARNING: passwd file doesn't exist in container, not updating
WARNING: group file doesn't exist in container, not updating
WARNING: passwd file doesn't exist in container, not updating
WARNING: passwd file doesn't exist in container, not updating
WARNING: group file doesn't exist in container, not updating
WARNING: passwd file doesn't exist in container, not updating
WARNING: group file doesn't exist in container, not updating
WARNING: passwd file doesn't exist in container, not updating
WARNING: group file doesn't exist in container, not updating
WARNING: passwd file doesn't exist in container, not updating
WARNING: passwd file doesn't exist in container, not updating
WARNING: group file doesn't exist in container, not updating
WARNING: passwd file doesn't exist in container, not updating
WARNING: group file doesn't exist in container, not updating
WARNING: passwd file doesn't exist in container, not updating
WARNING: group file doesn't exist in container, not updating
WARNING: passwd file doesn't exist in container, not updating
WARNING: group file doesn't exist in container, not updating
WARNING: passwd file doesn't exist in container, not updating
WARNING: passwd file doesn't exist in container, not updating
WARNING: group file doesn't exist in container, not updating
WARNING: passwd file doesn't exist in container, not updating
WARNING: group file doesn't exist in container, not updating
WARNING: passwd file doesn't exist in container, not updating
WARNING: group file doesn't exist in container, not updating
WARNING: passwd file doesn't exist in container, not updating
WARNING: group file doesn't exist in container, not updating
WARNING: passwd file doesn't exist in container, not updating
WARNING: group file doesn't exist in container, not updating
WARNING: passwd file doesn't exist in container, not updating
WARNING: group file doesn't exist in container, not updating
WARNING: passwd file doesn't exist in container, not updating
WARNING: group file doesn't exist in container, not updating
WARNING: passwd file doesn't exist in container, not updating
WARNING: passwd file doesn't exist in container, not updating
WARNING: group file doesn't exist in container, not updating
WARNING: passwd file doesn't exist in container, not updating
WARNING: passwd file doesn't exist in container, not updating
WARNING: group file doesn't exist in container, not updating
WARNING: passwd file doesn't exist in container, not updating
WARNING: group file doesn't exist in container, not updating
WARNING: passwd file doesn't exist in container, not updating
WARNING: group file doesn't exist in container, not updating
WARNING: passwd file doesn't exist in container, not updating
WARNING: group file doesn't exist in container, not updating
WARNING: passwd file doesn't exist in container, not updating
WARNING: group file doesn't exist in container, not updating
WARNING: passwd file doesn't exist in container, not updating
WARNING: group file doesn't exist in container, not updating
WARNING: passwd file doesn't exist in container, not updating
WARNING: passwd file doesn't exist in container, not updating
WARNING: group file doesn't exist in container, not updating
WARNING: passwd file doesn't exist in container, not updating
WARNING: group file doesn't exist in container, not updating
WARNING: passwd file doesn't exist in container, not updating
WARNING: group file doesn't exist in container, not updating
WARNING: passwd file doesn't exist in container, not updating
WARNING: group file doesn't exist in container, not updating
WARNING: group file doesn't exist in container, not updating
WARNING: group file doesn't exist in container, not updating
WARNING: group file doesn't exist in container, not updating
WARNING: group file doesn't exist in container, not updating
WARNING: group file doesn't exist in container, not updating
WARNING: group file doesn't exist in container, not updating
[tcn208.local.snellius.surf.nl:338387] PMIX ERROR: ERROR in file gds_ds12_lock_pthread.c at line 168
[tcn212.local.snellius.surf.nl:3757912] PMIX ERROR: ERROR in file gds_ds12_lock_pthread.c at line 168
[tcn9.local.snellius.surf.nl:1551617] PMIX ERROR: ERROR in file gds_ds12_lock_pthread.c at line 168
[tcn214.local.snellius.surf.nl:3521636] PMIX ERROR: ERROR in file gds_ds12_lock_pthread.c at line 168
[tcn10.local.snellius.surf.nl:1986561] PMIX ERROR: ERROR in file gds_ds12_lock_pthread.c at line 168
[tcn206.local.snellius.surf.nl:1716903] PMIX ERROR: ERROR in file gds_ds12_lock_pthread.c at line 168
[tcn7.local.snellius.surf.nl:2039732] PMIX ERROR: ERROR in file gds_ds12_lock_pthread.c at line 168
[tcn198.local.snellius.surf.nl:2014817] PMIX ERROR: ERROR in file gds_ds12_lock_pthread.c at line 168
[tcn210.local.snellius.surf.nl:1747078] PMIX ERROR: ERROR in file gds_ds12_lock_pthread.c at line 168
[tcn5.local.snellius.surf.nl:410947] PMIX ERROR: ERROR in file gds_ds12_lock_pthread.c at line 168
[tcn199.local.snellius.surf.nl:3255578] PMIX ERROR: ERROR in file gds_ds12_lock_pthread.c at line 168
[tcn204.local.snellius.surf.nl:42673] PMIX ERROR: ERROR in file gds_ds12_lock_pthread.c at line 168
[tcn191.local.snellius.surf.nl:364053] PMIX ERROR: ERROR in file gds_ds12_lock_pthread.c at line 168
[tcn196.local.snellius.surf.nl:1195571] PMIX ERROR: ERROR in file gds_ds12_lock_pthread.c at line 168
[tcn202.local.snellius.surf.nl:2123701] PMIX ERROR: ERROR in file gds_ds12_lock_pthread.c at line 168
[tcn186.local.snellius.surf.nl:2379796] PMIX ERROR: ERROR in file gds_ds12_lock_pthread.c at line 168
[tcn215.local.snellius.surf.nl:180664] PMIX ERROR: ERROR in file gds_ds12_lock_pthread.c at line 168
[tcn185.local.snellius.surf.nl:4054970] PMIX ERROR: ERROR in file gds_ds12_lock_pthread.c at line 168
[tcn4.local.snellius.surf.nl:3738279] PMIX ERROR: ERROR in file gds_ds12_lock_pthread.c at line 168
[tcn211.local.snellius.surf.nl:4054560] PMIX ERROR: ERROR in file gds_ds12_lock_pthread.c at line 168
[tcn189.local.snellius.surf.nl:3184357] PMIX ERROR: ERROR in file gds_ds12_lock_pthread.c at line 168
[tcn207.local.snellius.surf.nl:3830057] PMIX ERROR: ERROR in file gds_ds12_lock_pthread.c at line 168
[tcn195.local.snellius.surf.nl:2440433] PMIX ERROR: ERROR in file gds_ds12_lock_pthread.c at line 168
[tcn205.local.snellius.surf.nl:4028122] PMIX ERROR: ERROR in file gds_ds12_lock_pthread.c at line 168
[tcn209.local.snellius.surf.nl:1865982] PMIX ERROR: ERROR in file gds_ds12_lock_pthread.c at line 168
[tcn6.local.snellius.surf.nl:1354685] PMIX ERROR: ERROR in file gds_ds12_lock_pthread.c at line 168
[tcn194.local.snellius.surf.nl:578138] PMIX ERROR: ERROR in file gds_ds12_lock_pthread.c at line 168
[tcn187.local.snellius.surf.nl:2768530] PMIX ERROR: ERROR in file gds_ds12_lock_pthread.c at line 168
[tcn197.local.snellius.surf.nl:516612] PMIX ERROR: ERROR in file gds_ds12_lock_pthread.c at line 168
[tcn188.local.snellius.surf.nl:1850509] PMIX ERROR: ERROR in file gds_ds12_lock_pthread.c at line 168
[tcn216.local.snellius.surf.nl:2838296] PMIX ERROR: ERROR in file gds_ds12_lock_pthread.c at line 168
[tcn8.local.snellius.surf.nl:1578974] PMIX ERROR: ERROR in file gds_ds12_lock_pthread.c at line 168
[Debug]   [LOCALE0]   determineEnumerationRanges(4194303..8796090925056) took 5.18778
[Debug]   [LOCALE8]   _enumStatesComputeCounts: 39.1287
  ├─ 4972.02 in _enumerateStates
  ├─ 7.61543 in _enumStatesComputeMasksAndCounts
  └─ 0.004531 in PUT
     (parallel speedup: 127.263)
[Debug]   [LOCALE29]   _enumStatesComputeCounts: 39.1512
  ├─ 4974.04 in _enumerateStates
  ├─ 7.45897 in _enumStatesComputeMasksAndCounts
  └─ 0.004324 in PUT
     (parallel speedup: 127.238)
[Debug]   [LOCALE13]   _enumStatesComputeCounts: 39.1838
  ├─ 4972.71 in _enumerateStates
  ├─ 7.58142 in _enumStatesComputeMasksAndCounts
  └─ 0.004568 in PUT
     (parallel speedup: 127.101)
[Debug]   [LOCALE23]   _enumStatesComputeCounts: 39.1866
  ├─ 4974.09 in _enumerateStates
  ├─ 7.53467 in _enumStatesComputeMasksAndCounts
  └─ 0.004688 in PUT
     (parallel speedup: 127.126)
[Debug]   [LOCALE18]   _enumStatesComputeCounts: 39.1874
  ├─ 4977.03 in _enumerateStates
  ├─ 7.64622 in _enumStatesComputeMasksAndCounts
  └─ 0.004478 in PUT
     (parallel speedup: 127.201)
[Debug]   [LOCALE25]   _enumStatesComputeCounts: 39.1994
  ├─ 4975.53 in _enumerateStates
  ├─ 7.46696 in _enumStatesComputeMasksAndCounts
  └─ 0.004507 in PUT
     (parallel speedup: 127.119)
[Debug]   [LOCALE4]   _enumStatesComputeCounts: 39.2219
  ├─ 4979.98 in _enumerateStates
  ├─ 7.62515 in _enumStatesComputeMasksAndCounts
  └─ 0.005223 in PUT
     (parallel speedup: 127.164)
[Debug]   [LOCALE10]   _enumStatesComputeCounts: 39.1151
  ├─ 4970.07 in _enumerateStates
  ├─ 7.48858 in _enumStatesComputeMasksAndCounts
  └─ 0.004636 in PUT
     (parallel speedup: 127.254)
[Debug]   [LOCALE28]   _enumStatesComputeCounts: 39.2327
  ├─ 4983.84 in _enumerateStates
  ├─ 7.53729 in _enumStatesComputeMasksAndCounts
  └─ 0.004765 in PUT
     (parallel speedup: 127.225)
[Debug]   [LOCALE16]   _enumStatesComputeCounts: 39.2448
  ├─ 4984.97 in _enumerateStates
  ├─ 7.48846 in _enumStatesComputeMasksAndCounts
  └─ 0.004838 in PUT
     (parallel speedup: 127.213)
[Debug]   [LOCALE27]   _enumStatesComputeCounts: 39.2459
  ├─ 4983.21 in _enumerateStates
  ├─ 7.42385 in _enumStatesComputeMasksAndCounts
  └─ 0.004589 in PUT
     (parallel speedup: 127.163)
[Debug]   [LOCALE20]   _enumStatesComputeCounts: 39.2567
  ├─ 4986.94 in _enumerateStates
  ├─ 7.70214 in _enumStatesComputeMasksAndCounts
  └─ 0.004571 in PUT
     (parallel speedup: 127.231)
[Debug]   [LOCALE12]   _enumStatesComputeCounts: 39.2586
  ├─ 4984.47 in _enumerateStates
  ├─ 7.78202 in _enumStatesComputeMasksAndCounts
  └─ 0.004682 in PUT
     (parallel speedup: 127.163)
[Debug]   [LOCALE7]   _enumStatesComputeCounts: 39.2691
  ├─ 4981.26 in _enumerateStates
  ├─ 7.65334 in _enumStatesComputeMasksAndCounts
  └─ 0.003933 in PUT
     (parallel speedup: 127.045)
[Debug]   [LOCALE22]   _enumStatesComputeCounts: 39.2695
  ├─ 4985.03 in _enumerateStates
  ├─ 7.70822 in _enumStatesComputeMasksAndCounts
  └─ 0.00434 in PUT
     (parallel speedup: 127.14)
[Debug]   [LOCALE21]   _enumStatesComputeCounts: 39.2724
  ├─ 4986.02 in _enumerateStates
  ├─ 7.55592 in _enumStatesComputeMasksAndCounts
  └─ 0.004321 in PUT
     (parallel speedup: 127.153)
[Debug]   [LOCALE0]   _enumStatesComputeCounts: 39.2746
  ├─ 4987.31 in _enumerateStates
  ├─ 7.59082 in _enumStatesComputeMasksAndCounts
  └─ 0.002213 in PUT
     (parallel speedup: 127.179)
[Debug]   [LOCALE6]   _enumStatesComputeCounts: 39.2766
  ├─ 4988.05 in _enumerateStates
  ├─ 7.55161 in _enumStatesComputeMasksAndCounts
  └─ 0.00477 in PUT
     (parallel speedup: 127.19)
[Debug]   [LOCALE17]   _enumStatesComputeCounts: 39.2847
  ├─ 4986.46 in _enumerateStates
  ├─ 7.6565 in _enumStatesComputeMasksAndCounts
  └─ 0.004513 in PUT
     (parallel speedup: 127.126)
[Debug]   [LOCALE19]   _enumStatesComputeCounts: 39.3068
  ├─ 4989.7 in _enumerateStates
  ├─ 7.71269 in _enumStatesComputeMasksAndCounts
  └─ 0.004335 in PUT
     (parallel speedup: 127.139)
[Debug]   [LOCALE11]   _enumStatesComputeCounts: 39.3123
  ├─ 4985.68 in _enumerateStates
  ├─ 7.74732 in _enumStatesComputeMasksAndCounts
  └─ 0.004272 in PUT
     (parallel speedup: 127.02)
[Debug]   [LOCALE9]   _enumStatesComputeCounts: 39.3509
  ├─ 4999.25 in _enumerateStates
  ├─ 7.62798 in _enumStatesComputeMasksAndCounts
  └─ 0.004321 in PUT
     (parallel speedup: 127.237)
[Debug]   [LOCALE30]   _enumStatesComputeCounts: 39.3692
  ├─ 4996.18 in _enumerateStates
  ├─ 7.36601 in _enumStatesComputeMasksAndCounts
  └─ 0.004689 in PUT
     (parallel speedup: 127.093)
[Debug]   [LOCALE31]   _enumStatesComputeCounts: 39.3843
  ├─ 5001.32 in _enumerateStates
  ├─ 7.38531 in _enumStatesComputeMasksAndCounts
  └─ 0.004164 in PUT
     (parallel speedup: 127.175)
[Debug]   [LOCALE14]   _enumStatesComputeCounts: 39.3842
  ├─ 5000.59 in _enumerateStates
  ├─ 7.6618 in _enumStatesComputeMasksAndCounts
  └─ 0.005017 in PUT
     (parallel speedup: 127.164)
[Debug]   [LOCALE15]   _enumStatesComputeCounts: 39.3951
  ├─ 5000.3 in _enumerateStates
  ├─ 7.53311 in _enumStatesComputeMasksAndCounts
  └─ 0.004318 in PUT
     (parallel speedup: 127.118)
[Debug]   [LOCALE24]   _enumStatesComputeCounts: 39.4634
  ├─ 5007.42 in _enumerateStates
  ├─ 7.40532 in _enumStatesComputeMasksAndCounts
  └─ 0.004403 in PUT
     (parallel speedup: 127.076)
[Debug]   [LOCALE2]   _enumStatesComputeCounts: 39.4871
  ├─ 5012.2 in _enumerateStates
  ├─ 7.49762 in _enumStatesComputeMasksAndCounts
  └─ 0.004838 in PUT
     (parallel speedup: 127.123)
[Debug]   [LOCALE1]   _enumStatesComputeCounts: 39.4894
  ├─ 5012.32 in _enumerateStates
  ├─ 7.53332 in _enumStatesComputeMasksAndCounts
  └─ 0.005411 in PUT
     (parallel speedup: 127.119)
[Debug]   [LOCALE3]   _enumStatesComputeCounts: 39.6099
  ├─ 5027.79 in _enumerateStates
  ├─ 7.5663 in _enumStatesComputeMasksAndCounts
  └─ 0.004872 in PUT
     (parallel speedup: 127.124)
[Debug]   [LOCALE5]   _enumStatesComputeCounts: 39.6496
  ├─ 5035.02 in _enumerateStates
  ├─ 7.63081 in _enumStatesComputeMasksAndCounts
  └─ 0.004475 in PUT
     (parallel speedup: 127.18)
[Debug]   [LOCALE26]   _enumStatesComputeCounts: 39.6609
  ├─ 5032.66 in _enumerateStates
  ├─ 7.51904 in _enumStatesComputeMasksAndCounts
  └─ 0.004151 in PUT
     (parallel speedup: 127.082)
[Debug]   [LOCALE0]   enumerateStates: 41.4768
  ├─ 39.6642 in _enumStatesComputeCounts
  ├─ 0.015071 in _enumStatesMakeBuckets
  ├─ 0.07086 in allocation
  ├─ 0.022792 in _enumStatesMakeMasks
  ├─ 0.123071 in _enumStatesPrepareDescriptors
  └─ 1.46936 shuffling stuff around
      ├─ 7.84352 2.19484 2.19783 2.2939 2.13678 2.16914 2.15634 2.51165 2.47191 2.85209 2.73218 2.70791 2.83774 2.68744 2.58324 2.70641 2.64341 2.66828 2.48522 2.75308 2.67862 2.53697 2.63184 2.72909 2.57467 2.74452 2.51049 2.69023 2.58987 2.57163 2.58229 2.45438 copying states
      └─ 0.401621 0.307624 0.350514 0.163125 0.502354 0.189385 0.155921 1.11181 1.3616 0.219304 0.216934 0.574072 0.210934 0.207016 0.208618 0.209105 0.559078 0.665682 1.37783 0.780114 0.825032 0.340644 0.384246 0.731351 0.645098 0.210686 1.30278 0.19975 0.204898 0.925709 1.23148 1.21639 copying masks
[Debug]   [LOCALE0]   arrFromHashedToBlock: 0.367378
  ├─ counts: 0.012886
  └─ distribute: 0.299416

[Debug]   [LOCALE0]   arrFromBlockToHashed: 0.382746
  ├─ counts: 0.017633
  ├─ makeDestArr: 0.060763
  └─ distribute: 0.30435
     └─ permute (mean over locales, sum over tasks): 28.2088

+ for chainLength in 36 40 42 44 46
+ srun --mpi=pmix -N 32 -n 32 singularity exec ../benchmark-block-hashed.sif BenchmarkBlockHashed --numLocales 32 --kHamiltonian data/heisenberg_chain_46_symm.yaml --kDisplayTimings=true
WARNING: passwd file doesn't exist in container, not updating
WARNING: group file doesn't exist in container, not updating
WARNING: passwd file doesn't exist in container, not updating
WARNING: group file doesn't exist in container, not updating
WARNING: passwd file doesn't exist in container, not updating
WARNING: group file doesn't exist in container, not updating
WARNING: passwd file doesn't exist in container, not updating
WARNING: group file doesn't exist in container, not updating
WARNING: passwd file doesn't exist in container, not updating
WARNING: group file doesn't exist in container, not updating
WARNING: passwd file doesn't exist in container, not updating
WARNING: group file doesn't exist in container, not updating
WARNING: passwd file doesn't exist in container, not updating
WARNING: group file doesn't exist in container, not updating
WARNING: passwd file doesn't exist in container, not updating
WARNING: group file doesn't exist in container, not updating
WARNING: passwd file doesn't exist in container, not updating
WARNING: group file doesn't exist in container, not updating
WARNING: passwd file doesn't exist in container, not updating
WARNING: group file doesn't exist in container, not updating
WARNING: passwd file doesn't exist in container, not updating
WARNING: group file doesn't exist in container, not updating
WARNING: passwd file doesn't exist in container, not updating
WARNING: group file doesn't exist in container, not updating
WARNING: passwd file doesn't exist in container, not updating
WARNING: group file doesn't exist in container, not updating
WARNING: passwd file doesn't exist in container, not updating
WARNING: group file doesn't exist in container, not updating
WARNING: passwd file doesn't exist in container, not updating
WARNING: group file doesn't exist in container, not updating
WARNING: passwd file doesn't exist in container, not updating
WARNING: passwd file doesn't exist in container, not updating
WARNING: group file doesn't exist in container, not updating
WARNING: passwd file doesn't exist in container, not updating
WARNING: passwd file doesn't exist in container, not updating
WARNING: passwd file doesn't exist in container, not updating
WARNING: passwd file doesn't exist in container, not updating
WARNING: group file doesn't exist in container, not updating
WARNING: passwd file doesn't exist in container, not updating
WARNING: group file doesn't exist in container, not updating
WARNING: passwd file doesn't exist in container, not updating
WARNING: group file doesn't exist in container, not updating
WARNING: passwd file doesn't exist in container, not updating
WARNING: group file doesn't exist in container, not updating
WARNING: passwd file doesn't exist in container, not updating
WARNING: group file doesn't exist in container, not updating
WARNING: passwd file doesn't exist in container, not updating
WARNING: group file doesn't exist in container, not updating
WARNING: passwd file doesn't exist in container, not updating
WARNING: group file doesn't exist in container, not updating
WARNING: passwd file doesn't exist in container, not updating
WARNING: group file doesn't exist in container, not updating
WARNING: passwd file doesn't exist in container, not updating
WARNING: group file doesn't exist in container, not updating
WARNING: passwd file doesn't exist in container, not updating
WARNING: passwd file doesn't exist in container, not updating
WARNING: passwd file doesn't exist in container, not updating
WARNING: group file doesn't exist in container, not updating
WARNING: group file doesn't exist in container, not updating
WARNING: group file doesn't exist in container, not updating
WARNING: group file doesn't exist in container, not updating
WARNING: group file doesn't exist in container, not updating
WARNING: group file doesn't exist in container, not updating
WARNING: group file doesn't exist in container, not updating
[tcn8.local.snellius.surf.nl:1584340] PMIX ERROR: ERROR in file gds_ds12_lock_pthread.c at line 168
[tcn199.local.snellius.surf.nl:3256154] PMIX ERROR: ERROR in file gds_ds12_lock_pthread.c at line 168
[tcn188.local.snellius.surf.nl:1851021] PMIX ERROR: ERROR in file gds_ds12_lock_pthread.c at line 168
[tcn187.local.snellius.surf.nl:2769191] PMIX ERROR: ERROR in file gds_ds12_lock_pthread.c at line 168
[tcn186.local.snellius.surf.nl:2380434] PMIX ERROR: ERROR in file gds_ds12_lock_pthread.c at line 168
[tcn6.local.snellius.surf.nl:1355244] PMIX ERROR: ERROR in file gds_ds12_lock_pthread.c at line 168
[tcn206.local.snellius.surf.nl:1717385] PMIX ERROR: ERROR in file gds_ds12_lock_pthread.c at line 168
[tcn214.local.snellius.surf.nl:3522323] PMIX ERROR: ERROR in file gds_ds12_lock_pthread.c at line 168
[tcn9.local.snellius.surf.nl:1552267] PMIX ERROR: ERROR in file gds_ds12_lock_pthread.c at line 168
[tcn207.local.snellius.surf.nl:3830546] PMIX ERROR: ERROR in file gds_ds12_lock_pthread.c at line 168
[tcn211.local.snellius.surf.nl:4055210] PMIX ERROR: ERROR in file gds_ds12_lock_pthread.c at line 168
[tcn210.local.snellius.surf.nl:1747720] PMIX ERROR: ERROR in file gds_ds12_lock_pthread.c at line 168
[tcn209.local.snellius.surf.nl:1866567] PMIX ERROR: ERROR in file gds_ds12_lock_pthread.c at line 168
[tcn7.local.snellius.surf.nl:2043803] PMIX ERROR: ERROR in file gds_ds12_lock_pthread.c at line 168
[tcn196.local.snellius.surf.nl:1196194] PMIX ERROR: ERROR in file gds_ds12_lock_pthread.c at line 168
[tcn189.local.snellius.surf.nl:3184999] PMIX ERROR: ERROR in file gds_ds12_lock_pthread.c at line 168
[tcn197.local.snellius.surf.nl:522191] PMIX ERROR: ERROR in file gds_ds12_lock_pthread.c at line 168
[tcn208.local.snellius.surf.nl:338960] PMIX ERROR: ERROR in file gds_ds12_lock_pthread.c at line 168
[tcn202.local.snellius.surf.nl:2124297] PMIX ERROR: ERROR in file gds_ds12_lock_pthread.c at line 168
[tcn198.local.snellius.surf.nl:2015462] PMIX ERROR: ERROR in file gds_ds12_lock_pthread.c at line 168
[tcn212.local.snellius.surf.nl:3758398] PMIX ERROR: ERROR in file gds_ds12_lock_pthread.c at line 168
[tcn194.local.snellius.surf.nl:578709] PMIX ERROR: ERROR in file gds_ds12_lock_pthread.c at line 168
[tcn191.local.snellius.surf.nl:364631] PMIX ERROR: ERROR in file gds_ds12_lock_pthread.c at line 168
[tcn215.local.snellius.surf.nl:181198] PMIX ERROR: ERROR in file gds_ds12_lock_pthread.c at line 168
[tcn204.local.snellius.surf.nl:43360] PMIX ERROR: ERROR in file gds_ds12_lock_pthread.c at line 168
[tcn195.local.snellius.surf.nl:2444300] PMIX ERROR: ERROR in file gds_ds12_lock_pthread.c at line 168
[tcn5.local.snellius.surf.nl:411502] PMIX ERROR: ERROR in file gds_ds12_lock_pthread.c at line 168
[tcn10.local.snellius.surf.nl:1987227] PMIX ERROR: ERROR in file gds_ds12_lock_pthread.c at line 168
[tcn205.local.snellius.surf.nl:4028692] PMIX ERROR: ERROR in file gds_ds12_lock_pthread.c at line 168
[tcn216.local.snellius.surf.nl:2838936] PMIX ERROR: ERROR in file gds_ds12_lock_pthread.c at line 168
[tcn185.local.snellius.surf.nl:4055526] PMIX ERROR: ERROR in file gds_ds12_lock_pthread.c at line 168
[tcn4.local.snellius.surf.nl:3739094] PMIX ERROR: ERROR in file gds_ds12_lock_pthread.c at line 168
[Debug]   [LOCALE0]   determineEnumerationRanges(8388607..35184367894528) took 5.68233
[Debug]   [LOCALE29]   _enumStatesComputeCounts: 155.576
  ├─ 19792.0 in _enumerateStates
  ├─ 28.1373 in _enumStatesComputeMasksAndCounts
  └─ 0.006425 in PUT
     (parallel speedup: 127.399)
[Debug]   [LOCALE14]   _enumStatesComputeCounts: 155.621
  ├─ 19806.3 in _enumerateStates
  ├─ 28.7217 in _enumStatesComputeMasksAndCounts
  └─ 0.00601 in PUT
     (parallel speedup: 127.457)
[Debug]   [LOCALE19]   _enumStatesComputeCounts: 155.749
  ├─ 19797.1 in _enumerateStates
  ├─ 28.6973 in _enumStatesComputeMasksAndCounts
  └─ 0.005819 in PUT
     (parallel speedup: 127.293)
[Debug]   [LOCALE6]   _enumStatesComputeCounts: 155.748
  ├─ 19815.4 in _enumerateStates
  ├─ 27.9394 in _enumStatesComputeMasksAndCounts
  └─ 0.005967 in PUT
     (parallel speedup: 127.406)
[Debug]   [LOCALE30]   _enumStatesComputeCounts: 155.902
  ├─ 19809.7 in _enumerateStates
  ├─ 28.2997 in _enumStatesComputeMasksAndCounts
  └─ 0.006886 in PUT
     (parallel speedup: 127.247)
[Debug]   [LOCALE13]   _enumStatesComputeCounts: 155.993
  ├─ 19837.4 in _enumerateStates
  ├─ 28.7675 in _enumStatesComputeMasksAndCounts
  └─ 0.00605 in PUT
     (parallel speedup: 127.353)
[Debug]   [LOCALE17]   _enumStatesComputeCounts: 156.01
  ├─ 19837.3 in _enumerateStates
  ├─ 27.8374 in _enumStatesComputeMasksAndCounts
  └─ 0.006032 in PUT
     (parallel speedup: 127.332)
[Debug]   [LOCALE20]   _enumStatesComputeCounts: 156.053
  ├─ 19824.6 in _enumerateStates
  ├─ 28.875 in _enumStatesComputeMasksAndCounts
  └─ 0.005899 in PUT
     (parallel speedup: 127.223)
[Debug]   [LOCALE8]   _enumStatesComputeCounts: 156.055
  ├─ 19839.9 in _enumerateStates
  ├─ 27.2497 in _enumStatesComputeMasksAndCounts
  └─ 0.00606 in PUT
     (parallel speedup: 127.309)
[Debug]   [LOCALE1]   _enumStatesComputeCounts: 156.115
  ├─ 19832.8 in _enumerateStates
  ├─ 28.4504 in _enumStatesComputeMasksAndCounts
  └─ 0.007224 in PUT
     (parallel speedup: 127.222)
[Debug]   [LOCALE3]   _enumStatesComputeCounts: 156.306
  ├─ 19870.0 in _enumerateStates
  ├─ 27.5492 in _enumStatesComputeMasksAndCounts
  └─ 0.0069 in PUT
     (parallel speedup: 127.299)
[Debug]   [LOCALE18]   _enumStatesComputeCounts: 156.37
  ├─ 19872.2 in _enumerateStates
  ├─ 28.1918 in _enumStatesComputeMasksAndCounts
  └─ 0.006256 in PUT
     (parallel speedup: 127.265)
[Debug]   [LOCALE5]   _enumStatesComputeCounts: 156.188
  ├─ 19845.2 in _enumerateStates
  ├─ 28.3046 in _enumStatesComputeMasksAndCounts
  └─ 0.006298 in PUT
     (parallel speedup: 127.241)
[Debug]   [LOCALE28]   _enumStatesComputeCounts: 156.389
  ├─ 19893.2 in _enumerateStates
  ├─ 27.6905 in _enumStatesComputeMasksAndCounts
  └─ 0.008325 in PUT
     (parallel speedup: 127.381)
[Debug]   [LOCALE31]   _enumStatesComputeCounts: 156.008
  ├─ 19826.6 in _enumerateStates
  ├─ 27.9967 in _enumStatesComputeMasksAndCounts
  └─ 0.007051 in PUT
     (parallel speedup: 127.266)
[Debug]   [LOCALE21]   _enumStatesComputeCounts: 156.396
  ├─ 19867.7 in _enumerateStates
  ├─ 29.0623 in _enumStatesComputeMasksAndCounts
  └─ 0.006703 in PUT
     (parallel speedup: 127.22)
[Debug]   [LOCALE25]   _enumStatesComputeCounts: 156.462
  ├─ 19879.3 in _enumerateStates
  ├─ 28.631 in _enumStatesComputeMasksAndCounts
  └─ 0.00632 in PUT
     (parallel speedup: 127.238)
[Debug]   [LOCALE26]   _enumStatesComputeCounts: 156.484
  ├─ 19874.7 in _enumerateStates
  ├─ 28.5242 in _enumStatesComputeMasksAndCounts
  └─ 0.006223 in PUT
     (parallel speedup: 127.191)
[Debug]   [LOCALE11]   _enumStatesComputeCounts: 155.832
  ├─ 19825.0 in _enumerateStates
  ├─ 28.5396 in _enumStatesComputeMasksAndCounts
  └─ 0.006468 in PUT
     (parallel speedup: 127.404)
[Debug]   [LOCALE7]   _enumStatesComputeCounts: 156.171
  ├─ 19858.6 in _enumerateStates
  ├─ 27.4733 in _enumStatesComputeMasksAndCounts
  └─ 0.005988 in PUT
     (parallel speedup: 127.335)
[Debug]   [LOCALE16]   _enumStatesComputeCounts: 156.508
  ├─ 19885.7 in _enumerateStates
  ├─ 28.4025 in _enumStatesComputeMasksAndCounts
  └─ 0.007115 in PUT
     (parallel speedup: 127.24)
[Debug]   [LOCALE0]   _enumStatesComputeCounts: 156.567
  ├─ 19897.7 in _enumerateStates
  ├─ 28.14 in _enumStatesComputeMasksAndCounts
  └─ 0.002813 in PUT
     (parallel speedup: 127.267)
[Debug]   [LOCALE4]   _enumStatesComputeCounts: 156.604
  ├─ 19896.5 in _enumerateStates
  ├─ 27.9439 in _enumStatesComputeMasksAndCounts
  └─ 0.007921 in PUT
     (parallel speedup: 127.228)
[Debug]   [LOCALE15]   _enumStatesComputeCounts: 156.619
  ├─ 19899.4 in _enumerateStates
  ├─ 28.2594 in _enumStatesComputeMasksAndCounts
  └─ 0.005796 in PUT
     (parallel speedup: 127.236)
[Debug]   [LOCALE10]   _enumStatesComputeCounts: 156.634
  ├─ 19899.5 in _enumerateStates
  ├─ 28.5994 in _enumStatesComputeMasksAndCounts
  └─ 0.00635 in PUT
     (parallel speedup: 127.227)
[Debug]   [LOCALE9]   _enumStatesComputeCounts: 156.67
  ├─ 19912.3 in _enumerateStates
  ├─ 28.086 in _enumStatesComputeMasksAndCounts
  └─ 0.006941 in PUT
     (parallel speedup: 127.276)
[Debug]   [LOCALE24]   _enumStatesComputeCounts: 156.708
  ├─ 19927.5 in _enumerateStates
  ├─ 29.1433 in _enumStatesComputeMasksAndCounts
  └─ 0.006546 in PUT
     (parallel speedup: 127.349)
[Debug]   [LOCALE12]   _enumStatesComputeCounts: 156.752
  ├─ 19914.5 in _enumerateStates
  ├─ 28.1352 in _enumStatesComputeMasksAndCounts
  └─ 0.006498 in PUT
     (parallel speedup: 127.224)
[Debug]   [LOCALE27]   _enumStatesComputeCounts: 156.756
  ├─ 19916.9 in _enumerateStates
  ├─ 28.3945 in _enumStatesComputeMasksAndCounts
  └─ 0.006714 in PUT
     (parallel speedup: 127.238)
[Debug]   [LOCALE22]   _enumStatesComputeCounts: 156.802
  ├─ 19922.0 in _enumerateStates
  ├─ 28.6731 in _enumStatesComputeMasksAndCounts
  └─ 0.006599 in PUT
     (parallel speedup: 127.235)
[Debug]   [LOCALE23]   _enumStatesComputeCounts: 156.996
  ├─ 19933.9 in _enumerateStates
  ├─ 28.8143 in _enumStatesComputeMasksAndCounts
  └─ 0.006443 in PUT
     (parallel speedup: 127.154)
[Debug]   [LOCALE2]   _enumStatesComputeCounts: 157.634
  ├─ 20039.6 in _enumerateStates
  ├─ 28.3203 in _enumStatesComputeMasksAndCounts
  └─ 0.005702 in PUT
     (parallel speedup: 127.307)
[Debug]   [LOCALE0]   enumerateStates: 164.292
  ├─ 157.637 in _enumStatesComputeCounts
  ├─ 0.012899 in _enumStatesMakeBuckets
  ├─ 0.11532 in allocation
  ├─ 0.028417 in _enumStatesMakeMasks
  ├─ 0.125509 in _enumStatesPrepareDescriptors
  └─ 6.25501 shuffling stuff around
      ├─ 12.3124 6.57095 6.4116 5.36712 6.29967 6.22466 5.49671 8.32476 9.57041 8.90966 9.90692 9.9901 8.96356 9.77629 9.07592 9.726 8.7503 9.37927 10.057 10.2811 10.397 10.1492 10.4732 9.18564 10.031 9.81478 9.16062 9.31691 8.50413 9.38693 9.47162 9.09891 copying states
      └─ 4.47344 0.514267 2.59995 7.5802 0.561182 2.30757 3.49941 4.86587 2.33221 4.75754 2.49967 0.989945 4.37796 2.3132 3.17274 0.793785 7.59428 3.33301 0.85866 0.834777 1.10543 0.833351 0.874245 3.51921 1.85561 0.845254 1.13302 0.799125 3.43562 4.51227 0.815783 0.771984 copying masks
[Debug]   [LOCALE0]   arrFromHashedToBlock: 1.28102
  ├─ counts: 0.019646
  └─ distribute: 1.15501

[Debug]   [LOCALE0]   arrFromBlockToHashed: 1.25716
  ├─ counts: 0.017943
  ├─ makeDestArr: 0.127587
  └─ distribute: 1.11163
     └─ permute (mean over locales, sum over tasks): 103.25


JOB STATISTICS
==============
Job ID: 3086820
Cluster: snellius
User/Group: twest/twest
State: RUNNING
Nodes: 32
Cores per node: 128
CPU Utilized: 2-16:47:15
CPU Efficiency: 19.70% of 13-16:49:04 core-walltime
Job Wall-clock time: 00:04:49
Memory Utilized: 5.22 TB (estimated maximum)
Memory Efficiency: 74.62% of 7.00 TB (1.75 GB/core)
WARNING: Efficiency statistics may be misleading for RUNNING jobs.
